5.7600 	DEBUG 	Fullscreen settings ignored as running in pilot mode.
5.7609 	INFO 	Loaded monitor calibration from ['2025_03_11 15:24']
6.4309 	EXP 	Created window1 = Window(allowGUI=False, allowStencil=False, autoLog=True, backendConf=UNKNOWN, backgroundFit=<method-wrapper '__getattribute__' of attributeSetter object at 0x000002539391D540>, backgroundImage=<method-wrapper '__getattribute__' of attributeSetter object at 0x000002539391D480>, bitsMode=UNKNOWN, blendMode='avg', bpc=(8, 8, 8), color=array([0, 0, 0]), colorSpace='rgb', depthBits=8, fullscr=False, gamma=None, gammaErrorPolicy='raise', infoMsg=UNKNOWN, lms=UNKNOWN, monitor=<psychopy.monitors.calibTools.Monitor object at 0x000002538BC39930>, multiSample=False, name='window1', numSamples=2, pos=[560.0, 240.0], screen=0, size=array([800, 600]), stencilBits=0, stereo=False, title='PsychoPy', units='height', useFBO=True, useRetina=False, viewOri=0.0, viewPos=None, viewScale=None, waitBlanking=True, winType='pyglet')
6.4309 	EXP 	window1: backgroundImage = ''
6.4309 	EXP 	window1: backgroundFit = 'none'
6.4379 	DEBUG 	TextBox2 loaded 1 chars with 0 blanks and 1 valid
6.4387 	DEBUG 	TextBox2 loaded 1 chars with 0 blanks and 1 valid
6.4395 	DEBUG 	TextBox2 loaded 1 chars with 0 blanks and 1 valid
6.4405 	DEBUG 	TextBox2 loaded 1 chars with 0 blanks and 1 valid
6.4414 	DEBUG 	TextBox2 loaded 1 chars with 0 blanks and 1 valid
6.4420 	DEBUG 	TextBox2 loaded 1 chars with 0 blanks and 1 valid
6.4428 	DEBUG 	TextBox2 loaded 1 chars with 0 blanks and 1 valid
6.4438 	DEBUG 	TextBox2 loaded 1 chars with 0 blanks and 1 valid
6.4441 	DEBUG 	TextBox2 loaded 1 chars with 0 blanks and 1 valid
6.4445 	DEBUG 	TextBox2 loaded 1 chars with 0 blanks and 1 valid
6.4454 	DEBUG 	TextBox2 loaded 1 chars with 0 blanks and 1 valid
6.4464 	DEBUG 	TextBox2 loaded 1 chars with 0 blanks and 1 valid
6.4471 	DEBUG 	TextBox2 loaded 1 chars with 0 blanks and 1 valid
6.4479 	DEBUG 	TextBox2 loaded 1 chars with 0 blanks and 1 valid
6.4486 	DEBUG 	TextBox2 loaded 1 chars with 0 blanks and 1 valid
6.4494 	DEBUG 	TextBox2 loaded 1 chars with 0 blanks and 1 valid
6.4502 	DEBUG 	TextBox2 loaded 1 chars with 0 blanks and 1 valid
6.4507 	DEBUG 	TextBox2 loaded 1 chars with 0 blanks and 1 valid
6.4512 	DEBUG 	TextBox2 loaded 1 chars with 0 blanks and 1 valid
6.4522 	DEBUG 	TextBox2 loaded 1 chars with 0 blanks and 1 valid
6.4527 	DEBUG 	TextBox2 loaded 1 chars with 0 blanks and 1 valid
6.4530 	DEBUG 	Uploading Texture Font fontname to graphics card
6.4552 	DEBUG 	Upload of Texture Font fontname complete
6.4633 	DEBUG 	TextBox2 loaded 1 chars with 0 blanks and 1 valid
6.4649 	DEBUG 	TextBox2 loaded 1 chars with 0 blanks and 1 valid
6.4661 	DEBUG 	TextBox2 loaded 1 chars with 0 blanks and 1 valid
6.4664 	DEBUG 	Uploading Texture Font fontname to graphics card
6.4674 	DEBUG 	Upload of Texture Font fontname complete
6.4694 	EXP 	window1: Attempting to measure frame rate of screen (0) ...
6.4694 	EXP 	window1: recordFrameIntervals = False
6.6471 	EXP 	window1: recordFrameIntervals = True
6.8306 	EXP 	Screen (0) actual frame rate measured at 60.04Hz
6.8306 	EXP 	window1: recordFrameIntervals = False
6.8395 	DEBUG 	TextBox2 loaded 1 chars with 0 blanks and 1 valid
6.8403 	DEBUG 	TextBox2 loaded 1 chars with 0 blanks and 1 valid
6.8418 	DEBUG 	TextBox2 loaded 1 chars with 0 blanks and 1 valid
6.8436 	DEBUG 	TextBox2 loaded 1 chars with 0 blanks and 1 valid
6.8453 	DEBUG 	TextBox2 loaded 1 chars with 0 blanks and 1 valid
6.8471 	DEBUG 	TextBox2 loaded 1 chars with 0 blanks and 1 valid
6.8480 	DEBUG 	TextBox2 loaded 1 chars with 0 blanks and 1 valid
6.8495 	DEBUG 	TextBox2 loaded 1 chars with 0 blanks and 1 valid
6.8513 	DEBUG 	TextBox2 loaded 1 chars with 0 blanks and 1 valid
6.8529 	DEBUG 	TextBox2 loaded 1 chars with 0 blanks and 1 valid
6.8533 	DEBUG 	Uploading Texture Font fontname to graphics card
6.8539 	DEBUG 	Upload of Texture Font fontname complete
6.8692 	WARNING 	launchHubServer: If using the iohub mouse or eyetracker devices, fullScr should be True.
9.4865 	INFO 	keyboard.Keyboard is using iohub backend.
9.4865 	EXP 	Estimulo_ICE: status = STARTED
9.4941 	EXP 	Created image = ImageStim(__class__=<class 'psychopy.visual.image.ImageStim'>, anchor=('center', 'center'), autoLog=True, color=array([1., 1., 1.]), colorSpace='rgb', contrast=1.0, depth=0.0, draggable=False, flipHoriz=False, flipVert=False, image='gaborVert.png', interpolate=True, mask=None, maskParams=None, name='image', opacity=1, ori=0.0, pos=array([0., 0.]), size=array([2., 2.]), texRes=128.0, units='cm', win=Window(...))
9.4992 	EXP 	Created image_2 = ImageStim(__class__=<class 'psychopy.visual.image.ImageStim'>, anchor=('center', 'center'), autoLog=True, color=array([1., 1., 1.]), colorSpace='rgb', contrast=1.0, depth=-1.0, draggable=False, flipHoriz=False, flipVert=False, image='gaborVert.png', interpolate=True, mask=None, maskParams=None, name='image_2', opacity=1, ori=0.0, pos=array([0., 0.]), size=array([2., 2.]), texRes=128.0, units='cm', win=Window(...))
9.5046 	EXP 	Created polygon = ShapeStim(__class__=<class 'psychopy.visual.shape.ShapeStim'>, anchor=('center', 'center'), autoDraw=False, autoLog=True, closeShape=True, color=method-wrapper(...), colorSpace='rgb', contrast=None, depth=-2.0, draggable=False, fillColor=array([-1.    ,  1.    , -0.0039]), fillColorSpace='rgb', fillRGB=array([-1.    ,  1.    , -0.0039]), interpolate=True, lineColor=array([-1.    ,  1.    , -0.0039]), lineColorSpace='rgb', lineRGB=array([-1.    ,  1.    , -0.0039]), lineWidth=1.0, name='polygon', opacity=1, ori=0.0, pos=array([0., 0.]), size=array([0.005, 0.005]), units='height', vertices=ndarray(...), win=Window(...), windingRule=None)
9.5084 	EXP 	Created image_3 = ImageStim(__class__=<class 'psychopy.visual.image.ImageStim'>, anchor=('center', 'center'), autoLog=True, color=array([1., 1., 1.]), colorSpace='rgb', contrast=1.0, depth=0.0, draggable=False, flipHoriz=False, flipVert=False, image='gaborVert.png', interpolate=True, mask=None, maskParams=None, name='image_3', opacity=1, ori=0.0, pos=array([0., 0.]), size=array([2., 2.]), texRes=128.0, units='cm', win=Window(...))
9.5121 	EXP 	Created image_4 = ImageStim(__class__=<class 'psychopy.visual.image.ImageStim'>, anchor=('center', 'center'), autoLog=True, color=array([1., 1., 1.]), colorSpace='rgb', contrast=1.0, depth=-1.0, draggable=False, flipHoriz=False, flipVert=False, image='gaborVert.png', interpolate=True, mask=None, maskParams=None, name='image_4', opacity=1, ori=0.0, pos=array([0., 0.]), size=array([2., 2.]), texRes=128.0, units='cm', win=Window(...))
9.5146 	EXP 	Created polygon_2 = ShapeStim(__class__=<class 'psychopy.visual.shape.ShapeStim'>, anchor=('center', 'center'), autoDraw=False, autoLog=True, closeShape=True, color=method-wrapper(...), colorSpace='rgb', contrast=None, depth=-2.0, draggable=False, fillColor=array([-1.    ,  1.    , -0.0039]), fillColorSpace='rgb', fillRGB=array([-1.    ,  1.    , -0.0039]), interpolate=True, lineColor=array([-1.    ,  1.    , -0.0039]), lineColorSpace='rgb', lineRGB=array([-1.    ,  1.    , -0.0039]), lineWidth=1.0, name='polygon_2', opacity=1, ori=0.0, pos=array([0., 0.]), size=array([0.005, 0.005]), units='height', vertices=ndarray(...), win=Window(...), windingRule=None)
9.5180 	EXP 	Created image = ImageStim(__class__=<class 'psychopy.visual.image.ImageStim'>, anchor=('center', 'center'), autoLog=True, color=array([1., 1., 1.]), colorSpace='rgb', contrast=1.0, depth=0.0, draggable=False, flipHoriz=False, flipVert=False, image='gaborVert.png', interpolate=True, mask=None, maskParams=None, name='image', opacity=1, ori=0.0, pos=array([0., 0.]), size=array([2., 2.]), texRes=128.0, units='cm', win=Window(...))
9.5214 	EXP 	Created image_2 = ImageStim(__class__=<class 'psychopy.visual.image.ImageStim'>, anchor=('center', 'center'), autoLog=True, color=array([1., 1., 1.]), colorSpace='rgb', contrast=1.0, depth=-1.0, draggable=False, flipHoriz=False, flipVert=False, image='gaborVert.png', interpolate=True, mask=None, maskParams=None, name='image_2', opacity=1, ori=0.0, pos=array([0., 0.]), size=array([2., 2.]), texRes=128.0, units='cm', win=Window(...))
9.5248 	EXP 	Created polygon = ShapeStim(__class__=<class 'psychopy.visual.shape.ShapeStim'>, anchor=('center', 'center'), autoDraw=False, autoLog=True, closeShape=True, color=method-wrapper(...), colorSpace='rgb', contrast=None, depth=-2.0, draggable=False, fillColor=array([-1.    ,  1.    , -0.0039]), fillColorSpace='rgb', fillRGB=array([-1.    ,  1.    , -0.0039]), interpolate=True, lineColor=array([-1.    ,  1.    , -0.0039]), lineColorSpace='rgb', lineRGB=array([-1.    ,  1.    , -0.0039]), lineWidth=1.0, name='polygon', opacity=1, ori=0.0, pos=array([0., 0.]), size=array([0.005, 0.005]), units='height', vertices=ndarray(...), win=Window(...), windingRule=None)
9.5283 	EXP 	Created image_3 = ImageStim(__class__=<class 'psychopy.visual.image.ImageStim'>, anchor=('center', 'center'), autoLog=True, color=array([1., 1., 1.]), colorSpace='rgb', contrast=1.0, depth=0.0, draggable=False, flipHoriz=False, flipVert=False, image='gaborVert.png', interpolate=True, mask=None, maskParams=None, name='image_3', opacity=1, ori=0.0, pos=array([0., 0.]), size=array([2., 2.]), texRes=128.0, units='cm', win=Window(...))
9.5315 	EXP 	Created image_4 = ImageStim(__class__=<class 'psychopy.visual.image.ImageStim'>, anchor=('center', 'center'), autoLog=True, color=array([1., 1., 1.]), colorSpace='rgb', contrast=1.0, depth=-1.0, draggable=False, flipHoriz=False, flipVert=False, image='gaborVert.png', interpolate=True, mask=None, maskParams=None, name='image_4', opacity=1, ori=0.0, pos=array([0., 0.]), size=array([2., 2.]), texRes=128.0, units='cm', win=Window(...))
9.5341 	EXP 	Created polygon_2 = ShapeStim(__class__=<class 'psychopy.visual.shape.ShapeStim'>, anchor=('center', 'center'), autoDraw=False, autoLog=True, closeShape=True, color=method-wrapper(...), colorSpace='rgb', contrast=None, depth=-2.0, draggable=False, fillColor=array([-1.    ,  1.    , -0.0039]), fillColorSpace='rgb', fillRGB=array([-1.    ,  1.    , -0.0039]), interpolate=True, lineColor=array([-1.    ,  1.    , -0.0039]), lineColorSpace='rgb', lineRGB=array([-1.    ,  1.    , -0.0039]), lineWidth=1.0, name='polygon_2', opacity=1, ori=0.0, pos=array([0., 0.]), size=array([0.005, 0.005]), units='height', vertices=ndarray(...), win=Window(...), windingRule=None)
9.5375 	EXP 	Created image = ImageStim(__class__=<class 'psychopy.visual.image.ImageStim'>, anchor=('center', 'center'), autoLog=True, color=array([1., 1., 1.]), colorSpace='rgb', contrast=1.0, depth=0.0, draggable=False, flipHoriz=False, flipVert=False, image='gaborVert.png', interpolate=True, mask=None, maskParams=None, name='image', opacity=1, ori=0.0, pos=array([0., 0.]), size=array([2., 2.]), texRes=128.0, units='cm', win=Window(...))
9.5408 	EXP 	Created image_2 = ImageStim(__class__=<class 'psychopy.visual.image.ImageStim'>, anchor=('center', 'center'), autoLog=True, color=array([1., 1., 1.]), colorSpace='rgb', contrast=1.0, depth=-1.0, draggable=False, flipHoriz=False, flipVert=False, image='gaborVert.png', interpolate=True, mask=None, maskParams=None, name='image_2', opacity=1, ori=0.0, pos=array([0., 0.]), size=array([2., 2.]), texRes=128.0, units='cm', win=Window(...))
9.5433 	EXP 	Created polygon = ShapeStim(__class__=<class 'psychopy.visual.shape.ShapeStim'>, anchor=('center', 'center'), autoDraw=False, autoLog=True, closeShape=True, color=method-wrapper(...), colorSpace='rgb', contrast=None, depth=-2.0, draggable=False, fillColor=array([-1.    ,  1.    , -0.0039]), fillColorSpace='rgb', fillRGB=array([-1.    ,  1.    , -0.0039]), interpolate=True, lineColor=array([-1.    ,  1.    , -0.0039]), lineColorSpace='rgb', lineRGB=array([-1.    ,  1.    , -0.0039]), lineWidth=1.0, name='polygon', opacity=1, ori=0.0, pos=array([0., 0.]), size=array([0.005, 0.005]), units='height', vertices=ndarray(...), win=Window(...), windingRule=None)
9.5466 	EXP 	Created image_3 = ImageStim(__class__=<class 'psychopy.visual.image.ImageStim'>, anchor=('center', 'center'), autoLog=True, color=array([1., 1., 1.]), colorSpace='rgb', contrast=1.0, depth=0.0, draggable=False, flipHoriz=False, flipVert=False, image='gaborVert.png', interpolate=True, mask=None, maskParams=None, name='image_3', opacity=1, ori=0.0, pos=array([0., 0.]), size=array([2., 2.]), texRes=128.0, units='cm', win=Window(...))
9.5499 	EXP 	Created image_4 = ImageStim(__class__=<class 'psychopy.visual.image.ImageStim'>, anchor=('center', 'center'), autoLog=True, color=array([1., 1., 1.]), colorSpace='rgb', contrast=1.0, depth=-1.0, draggable=False, flipHoriz=False, flipVert=False, image='gaborVert.png', interpolate=True, mask=None, maskParams=None, name='image_4', opacity=1, ori=0.0, pos=array([0., 0.]), size=array([2., 2.]), texRes=128.0, units='cm', win=Window(...))
9.5524 	EXP 	Created polygon_2 = ShapeStim(__class__=<class 'psychopy.visual.shape.ShapeStim'>, anchor=('center', 'center'), autoDraw=False, autoLog=True, closeShape=True, color=method-wrapper(...), colorSpace='rgb', contrast=None, depth=-2.0, draggable=False, fillColor=array([-1.    ,  1.    , -0.0039]), fillColorSpace='rgb', fillRGB=array([-1.    ,  1.    , -0.0039]), interpolate=True, lineColor=array([-1.    ,  1.    , -0.0039]), lineColorSpace='rgb', lineRGB=array([-1.    ,  1.    , -0.0039]), lineWidth=1.0, name='polygon_2', opacity=1, ori=0.0, pos=array([0., 0.]), size=array([0.005, 0.005]), units='height', vertices=ndarray(...), win=Window(...), windingRule=None)
9.5556 	EXP 	Created image = ImageStim(__class__=<class 'psychopy.visual.image.ImageStim'>, anchor=('center', 'center'), autoLog=True, color=array([1., 1., 1.]), colorSpace='rgb', contrast=1.0, depth=0.0, draggable=False, flipHoriz=False, flipVert=False, image='gaborVert.png', interpolate=True, mask=None, maskParams=None, name='image', opacity=1, ori=0.0, pos=array([0., 0.]), size=array([2., 2.]), texRes=128.0, units='cm', win=Window(...))
9.5589 	EXP 	Created image_2 = ImageStim(__class__=<class 'psychopy.visual.image.ImageStim'>, anchor=('center', 'center'), autoLog=True, color=array([1., 1., 1.]), colorSpace='rgb', contrast=1.0, depth=-1.0, draggable=False, flipHoriz=False, flipVert=False, image='gaborVert.png', interpolate=True, mask=None, maskParams=None, name='image_2', opacity=1, ori=0.0, pos=array([0., 0.]), size=array([2., 2.]), texRes=128.0, units='cm', win=Window(...))
9.5615 	EXP 	Created polygon = ShapeStim(__class__=<class 'psychopy.visual.shape.ShapeStim'>, anchor=('center', 'center'), autoDraw=False, autoLog=True, closeShape=True, color=method-wrapper(...), colorSpace='rgb', contrast=None, depth=-2.0, draggable=False, fillColor=array([-1.    ,  1.    , -0.0039]), fillColorSpace='rgb', fillRGB=array([-1.    ,  1.    , -0.0039]), interpolate=True, lineColor=array([-1.    ,  1.    , -0.0039]), lineColorSpace='rgb', lineRGB=array([-1.    ,  1.    , -0.0039]), lineWidth=1.0, name='polygon', opacity=1, ori=0.0, pos=array([0., 0.]), size=array([0.005, 0.005]), units='height', vertices=ndarray(...), win=Window(...), windingRule=None)
9.5648 	EXP 	Created image_3 = ImageStim(__class__=<class 'psychopy.visual.image.ImageStim'>, anchor=('center', 'center'), autoLog=True, color=array([1., 1., 1.]), colorSpace='rgb', contrast=1.0, depth=0.0, draggable=False, flipHoriz=False, flipVert=False, image='gaborVert.png', interpolate=True, mask=None, maskParams=None, name='image_3', opacity=1, ori=0.0, pos=array([0., 0.]), size=array([2., 2.]), texRes=128.0, units='cm', win=Window(...))
9.5681 	EXP 	Created image_4 = ImageStim(__class__=<class 'psychopy.visual.image.ImageStim'>, anchor=('center', 'center'), autoLog=True, color=array([1., 1., 1.]), colorSpace='rgb', contrast=1.0, depth=-1.0, draggable=False, flipHoriz=False, flipVert=False, image='gaborVert.png', interpolate=True, mask=None, maskParams=None, name='image_4', opacity=1, ori=0.0, pos=array([0., 0.]), size=array([2., 2.]), texRes=128.0, units='cm', win=Window(...))
9.5706 	EXP 	Created polygon_2 = ShapeStim(__class__=<class 'psychopy.visual.shape.ShapeStim'>, anchor=('center', 'center'), autoDraw=False, autoLog=True, closeShape=True, color=method-wrapper(...), colorSpace='rgb', contrast=None, depth=-2.0, draggable=False, fillColor=array([-1.    ,  1.    , -0.0039]), fillColorSpace='rgb', fillRGB=array([-1.    ,  1.    , -0.0039]), interpolate=True, lineColor=array([-1.    ,  1.    , -0.0039]), lineColorSpace='rgb', lineRGB=array([-1.    ,  1.    , -0.0039]), lineWidth=1.0, name='polygon_2', opacity=1, ori=0.0, pos=array([0., 0.]), size=array([0.005, 0.005]), units='height', vertices=ndarray(...), win=Window(...), windingRule=None)
9.5738 	EXP 	Created image_5 = ImageStim(__class__=<class 'psychopy.visual.image.ImageStim'>, anchor=('center', 'center'), autoLog=True, color=array([1., 1., 1.]), colorSpace='rgb', contrast=1.0, depth=0.0, draggable=False, flipHoriz=False, flipVert=False, image='gaborHoriz.png', interpolate=True, mask=None, maskParams=None, name='image_5', opacity=1, ori=0.0, pos=array([0., 0.]), size=array([2., 2.]), texRes=128.0, units='cm', win=Window(...))
9.5771 	EXP 	Created image_6 = ImageStim(__class__=<class 'psychopy.visual.image.ImageStim'>, anchor=('center', 'center'), autoLog=True, color=array([1., 1., 1.]), colorSpace='rgb', contrast=1.0, depth=-1.0, draggable=False, flipHoriz=False, flipVert=True, image='gaborHoriz.png', interpolate=True, mask=None, maskParams=None, name='image_6', opacity=1, ori=0.0, pos=array([0., 0.]), size=array([2., 2.]), texRes=128.0, units='cm', win=Window(...))
9.5795 	EXP 	Created polygon_3 = ShapeStim(__class__=<class 'psychopy.visual.shape.ShapeStim'>, anchor=('center', 'center'), autoDraw=False, autoLog=True, closeShape=True, color=method-wrapper(...), colorSpace='rgb', contrast=None, depth=-2.0, draggable=False, fillColor=array([-1.    ,  1.    , -0.0039]), fillColorSpace='rgb', fillRGB=array([-1.    ,  1.    , -0.0039]), interpolate=True, lineColor=array([-1.    ,  1.    , -0.0039]), lineColorSpace='rgb', lineRGB=array([-1.    ,  1.    , -0.0039]), lineWidth=1.0, name='polygon_3', opacity=1, ori=0.0, pos=array([0., 0.]), size=array([0.005, 0.005]), units='height', vertices=ndarray(...), win=Window(...), windingRule=None)
9.5828 	EXP 	Created image_7 = ImageStim(__class__=<class 'psychopy.visual.image.ImageStim'>, anchor=('center', 'center'), autoLog=True, color=array([1., 1., 1.]), colorSpace='rgb', contrast=1.0, depth=0.0, draggable=False, flipHoriz=False, flipVert=False, image='gaborHoriz.png', interpolate=True, mask=None, maskParams=None, name='image_7', opacity=1, ori=0.0, pos=array([0., 0.]), size=array([2., 2.]), texRes=128.0, units='cm', win=Window(...))
9.5860 	EXP 	Created image_8 = ImageStim(__class__=<class 'psychopy.visual.image.ImageStim'>, anchor=('center', 'center'), autoLog=True, color=array([1., 1., 1.]), colorSpace='rgb', contrast=1.0, depth=-1.0, draggable=False, flipHoriz=False, flipVert=False, image='gaborHoriz.png', interpolate=True, mask=None, maskParams=None, name='image_8', opacity=1, ori=0.0, pos=array([0., 0.]), size=array([2., 2.]), texRes=128.0, units='cm', win=Window(...))
9.5884 	EXP 	Created polygon_4 = ShapeStim(__class__=<class 'psychopy.visual.shape.ShapeStim'>, anchor=('center', 'center'), autoDraw=False, autoLog=True, closeShape=True, color=method-wrapper(...), colorSpace='rgb', contrast=None, depth=-2.0, draggable=False, fillColor=array([-1.    ,  1.    , -0.0039]), fillColorSpace='rgb', fillRGB=array([-1.    ,  1.    , -0.0039]), interpolate=True, lineColor=array([-1.    ,  1.    , -0.0039]), lineColorSpace='rgb', lineRGB=array([-1.    ,  1.    , -0.0039]), lineWidth=1.0, name='polygon_4', opacity=1, ori=0.0, pos=array([0., 0.]), size=array([0.005, 0.005]), units='height', vertices=ndarray(...), win=Window(...), windingRule=None)
9.5916 	EXP 	Created image_5 = ImageStim(__class__=<class 'psychopy.visual.image.ImageStim'>, anchor=('center', 'center'), autoLog=True, color=array([1., 1., 1.]), colorSpace='rgb', contrast=1.0, depth=0.0, draggable=False, flipHoriz=False, flipVert=False, image='gaborHoriz.png', interpolate=True, mask=None, maskParams=None, name='image_5', opacity=1, ori=0.0, pos=array([0., 0.]), size=array([2., 2.]), texRes=128.0, units='cm', win=Window(...))
9.5947 	EXP 	Created image_6 = ImageStim(__class__=<class 'psychopy.visual.image.ImageStim'>, anchor=('center', 'center'), autoLog=True, color=array([1., 1., 1.]), colorSpace='rgb', contrast=1.0, depth=-1.0, draggable=False, flipHoriz=False, flipVert=True, image='gaborHoriz.png', interpolate=True, mask=None, maskParams=None, name='image_6', opacity=1, ori=0.0, pos=array([0., 0.]), size=array([2., 2.]), texRes=128.0, units='cm', win=Window(...))
9.5973 	EXP 	Created polygon_3 = ShapeStim(__class__=<class 'psychopy.visual.shape.ShapeStim'>, anchor=('center', 'center'), autoDraw=False, autoLog=True, closeShape=True, color=method-wrapper(...), colorSpace='rgb', contrast=None, depth=-2.0, draggable=False, fillColor=array([-1.    ,  1.    , -0.0039]), fillColorSpace='rgb', fillRGB=array([-1.    ,  1.    , -0.0039]), interpolate=True, lineColor=array([-1.    ,  1.    , -0.0039]), lineColorSpace='rgb', lineRGB=array([-1.    ,  1.    , -0.0039]), lineWidth=1.0, name='polygon_3', opacity=1, ori=0.0, pos=array([0., 0.]), size=array([0.005, 0.005]), units='height', vertices=ndarray(...), win=Window(...), windingRule=None)
9.6005 	EXP 	Created image_7 = ImageStim(__class__=<class 'psychopy.visual.image.ImageStim'>, anchor=('center', 'center'), autoLog=True, color=array([1., 1., 1.]), colorSpace='rgb', contrast=1.0, depth=0.0, draggable=False, flipHoriz=False, flipVert=False, image='gaborHoriz.png', interpolate=True, mask=None, maskParams=None, name='image_7', opacity=1, ori=0.0, pos=array([0., 0.]), size=array([2., 2.]), texRes=128.0, units='cm', win=Window(...))
9.6037 	EXP 	Created image_8 = ImageStim(__class__=<class 'psychopy.visual.image.ImageStim'>, anchor=('center', 'center'), autoLog=True, color=array([1., 1., 1.]), colorSpace='rgb', contrast=1.0, depth=-1.0, draggable=False, flipHoriz=False, flipVert=False, image='gaborHoriz.png', interpolate=True, mask=None, maskParams=None, name='image_8', opacity=1, ori=0.0, pos=array([0., 0.]), size=array([2., 2.]), texRes=128.0, units='cm', win=Window(...))
9.6062 	EXP 	Created polygon_4 = ShapeStim(__class__=<class 'psychopy.visual.shape.ShapeStim'>, anchor=('center', 'center'), autoDraw=False, autoLog=True, closeShape=True, color=method-wrapper(...), colorSpace='rgb', contrast=None, depth=-2.0, draggable=False, fillColor=array([-1.    ,  1.    , -0.0039]), fillColorSpace='rgb', fillRGB=array([-1.    ,  1.    , -0.0039]), interpolate=True, lineColor=array([-1.    ,  1.    , -0.0039]), lineColorSpace='rgb', lineRGB=array([-1.    ,  1.    , -0.0039]), lineWidth=1.0, name='polygon_4', opacity=1, ori=0.0, pos=array([0., 0.]), size=array([0.005, 0.005]), units='height', vertices=ndarray(...), win=Window(...), windingRule=None)
9.6094 	EXP 	Created image_5 = ImageStim(__class__=<class 'psychopy.visual.image.ImageStim'>, anchor=('center', 'center'), autoLog=True, color=array([1., 1., 1.]), colorSpace='rgb', contrast=1.0, depth=0.0, draggable=False, flipHoriz=False, flipVert=False, image='gaborHoriz.png', interpolate=True, mask=None, maskParams=None, name='image_5', opacity=1, ori=0.0, pos=array([0., 0.]), size=array([2., 2.]), texRes=128.0, units='cm', win=Window(...))
9.6126 	EXP 	Created image_6 = ImageStim(__class__=<class 'psychopy.visual.image.ImageStim'>, anchor=('center', 'center'), autoLog=True, color=array([1., 1., 1.]), colorSpace='rgb', contrast=1.0, depth=-1.0, draggable=False, flipHoriz=False, flipVert=True, image='gaborHoriz.png', interpolate=True, mask=None, maskParams=None, name='image_6', opacity=1, ori=0.0, pos=array([0., 0.]), size=array([2., 2.]), texRes=128.0, units='cm', win=Window(...))
9.6150 	EXP 	Created polygon_3 = ShapeStim(__class__=<class 'psychopy.visual.shape.ShapeStim'>, anchor=('center', 'center'), autoDraw=False, autoLog=True, closeShape=True, color=method-wrapper(...), colorSpace='rgb', contrast=None, depth=-2.0, draggable=False, fillColor=array([-1.    ,  1.    , -0.0039]), fillColorSpace='rgb', fillRGB=array([-1.    ,  1.    , -0.0039]), interpolate=True, lineColor=array([-1.    ,  1.    , -0.0039]), lineColorSpace='rgb', lineRGB=array([-1.    ,  1.    , -0.0039]), lineWidth=1.0, name='polygon_3', opacity=1, ori=0.0, pos=array([0., 0.]), size=array([0.005, 0.005]), units='height', vertices=ndarray(...), win=Window(...), windingRule=None)
9.6182 	EXP 	Created image_7 = ImageStim(__class__=<class 'psychopy.visual.image.ImageStim'>, anchor=('center', 'center'), autoLog=True, color=array([1., 1., 1.]), colorSpace='rgb', contrast=1.0, depth=0.0, draggable=False, flipHoriz=False, flipVert=False, image='gaborHoriz.png', interpolate=True, mask=None, maskParams=None, name='image_7', opacity=1, ori=0.0, pos=array([0., 0.]), size=array([2., 2.]), texRes=128.0, units='cm', win=Window(...))
9.6214 	EXP 	Created image_8 = ImageStim(__class__=<class 'psychopy.visual.image.ImageStim'>, anchor=('center', 'center'), autoLog=True, color=array([1., 1., 1.]), colorSpace='rgb', contrast=1.0, depth=-1.0, draggable=False, flipHoriz=False, flipVert=False, image='gaborHoriz.png', interpolate=True, mask=None, maskParams=None, name='image_8', opacity=1, ori=0.0, pos=array([0., 0.]), size=array([2., 2.]), texRes=128.0, units='cm', win=Window(...))
9.6239 	EXP 	Created polygon_4 = ShapeStim(__class__=<class 'psychopy.visual.shape.ShapeStim'>, anchor=('center', 'center'), autoDraw=False, autoLog=True, closeShape=True, color=method-wrapper(...), colorSpace='rgb', contrast=None, depth=-2.0, draggable=False, fillColor=array([-1.    ,  1.    , -0.0039]), fillColorSpace='rgb', fillRGB=array([-1.    ,  1.    , -0.0039]), interpolate=True, lineColor=array([-1.    ,  1.    , -0.0039]), lineColorSpace='rgb', lineRGB=array([-1.    ,  1.    , -0.0039]), lineWidth=1.0, name='polygon_4', opacity=1, ori=0.0, pos=array([0., 0.]), size=array([0.005, 0.005]), units='height', vertices=ndarray(...), win=Window(...), windingRule=None)
9.6281 	EXP 	Created image_5 = ImageStim(__class__=<class 'psychopy.visual.image.ImageStim'>, anchor=('center', 'center'), autoLog=True, color=array([1., 1., 1.]), colorSpace='rgb', contrast=1.0, depth=0.0, draggable=False, flipHoriz=False, flipVert=False, image='gaborHoriz.png', interpolate=True, mask=None, maskParams=None, name='image_5', opacity=1, ori=0.0, pos=array([0., 0.]), size=array([2., 2.]), texRes=128.0, units='cm', win=Window(...))
9.6314 	EXP 	Created image_6 = ImageStim(__class__=<class 'psychopy.visual.image.ImageStim'>, anchor=('center', 'center'), autoLog=True, color=array([1., 1., 1.]), colorSpace='rgb', contrast=1.0, depth=-1.0, draggable=False, flipHoriz=False, flipVert=True, image='gaborHoriz.png', interpolate=True, mask=None, maskParams=None, name='image_6', opacity=1, ori=0.0, pos=array([0., 0.]), size=array([2., 2.]), texRes=128.0, units='cm', win=Window(...))
9.6340 	EXP 	Created polygon_3 = ShapeStim(__class__=<class 'psychopy.visual.shape.ShapeStim'>, anchor=('center', 'center'), autoDraw=False, autoLog=True, closeShape=True, color=method-wrapper(...), colorSpace='rgb', contrast=None, depth=-2.0, draggable=False, fillColor=array([-1.    ,  1.    , -0.0039]), fillColorSpace='rgb', fillRGB=array([-1.    ,  1.    , -0.0039]), interpolate=True, lineColor=array([-1.    ,  1.    , -0.0039]), lineColorSpace='rgb', lineRGB=array([-1.    ,  1.    , -0.0039]), lineWidth=1.0, name='polygon_3', opacity=1, ori=0.0, pos=array([0., 0.]), size=array([0.005, 0.005]), units='height', vertices=ndarray(...), win=Window(...), windingRule=None)
9.6373 	EXP 	Created image_7 = ImageStim(__class__=<class 'psychopy.visual.image.ImageStim'>, anchor=('center', 'center'), autoLog=True, color=array([1., 1., 1.]), colorSpace='rgb', contrast=1.0, depth=0.0, draggable=False, flipHoriz=False, flipVert=False, image='gaborHoriz.png', interpolate=True, mask=None, maskParams=None, name='image_7', opacity=1, ori=0.0, pos=array([0., 0.]), size=array([2., 2.]), texRes=128.0, units='cm', win=Window(...))
9.6405 	EXP 	Created image_8 = ImageStim(__class__=<class 'psychopy.visual.image.ImageStim'>, anchor=('center', 'center'), autoLog=True, color=array([1., 1., 1.]), colorSpace='rgb', contrast=1.0, depth=-1.0, draggable=False, flipHoriz=False, flipVert=False, image='gaborHoriz.png', interpolate=True, mask=None, maskParams=None, name='image_8', opacity=1, ori=0.0, pos=array([0., 0.]), size=array([2., 2.]), texRes=128.0, units='cm', win=Window(...))
9.6430 	EXP 	Created polygon_4 = ShapeStim(__class__=<class 'psychopy.visual.shape.ShapeStim'>, anchor=('center', 'center'), autoDraw=False, autoLog=True, closeShape=True, color=method-wrapper(...), colorSpace='rgb', contrast=None, depth=-2.0, draggable=False, fillColor=array([-1.    ,  1.    , -0.0039]), fillColorSpace='rgb', fillRGB=array([-1.    ,  1.    , -0.0039]), interpolate=True, lineColor=array([-1.    ,  1.    , -0.0039]), lineColorSpace='rgb', lineRGB=array([-1.    ,  1.    , -0.0039]), lineWidth=1.0, name='polygon_4', opacity=1, ori=0.0, pos=array([0., 0.]), size=array([0.005, 0.005]), units='height', vertices=ndarray(...), win=Window(...), windingRule=None)
9.6463 	EXP 	Created image_9 = ImageStim(__class__=<class 'psychopy.visual.image.ImageStim'>, anchor=('center', 'center'), autoLog=True, color=array([1., 1., 1.]), colorSpace='rgb', contrast=1.0, depth=0.0, draggable=False, flipHoriz=False, flipVert=False, image='gaborVert.png', interpolate=True, mask=None, maskParams=None, name='image_9', opacity=1, ori=0.0, pos=array([0., 0.]), size=array([2., 2.]), texRes=128.0, units='cm', win=Window(...))
9.6487 	EXP 	Created polygon_6 = ShapeStim(__class__=<class 'psychopy.visual.shape.ShapeStim'>, anchor=('center', 'center'), autoDraw=False, autoLog=True, closeShape=True, color=method-wrapper(...), colorSpace='rgb', contrast=None, depth=-1.0, draggable=False, fillColor=array([-1.    ,  1.    , -0.0039]), fillColorSpace='rgb', fillRGB=array([-1.    ,  1.    , -0.0039]), interpolate=True, lineColor=array([-1.    ,  1.    , -0.0039]), lineColorSpace='rgb', lineRGB=array([-1.    ,  1.    , -0.0039]), lineWidth=1.0, name='polygon_6', opacity=1, ori=0.0, pos=array([0., 0.]), size=array([0.005, 0.005]), units='height', vertices=ndarray(...), win=Window(...), windingRule=None)
9.6520 	EXP 	Created image_10 = ImageStim(__class__=<class 'psychopy.visual.image.ImageStim'>, anchor=('center', 'center'), autoLog=True, color=array([1., 1., 1.]), colorSpace='rgb', contrast=1.0, depth=-2.0, draggable=False, flipHoriz=False, flipVert=True, image='gaborVert.png', interpolate=True, mask=None, maskParams=None, name='image_10', opacity=1, ori=0.0, pos=array([0., 0.]), size=array([2., 2.]), texRes=128.0, units='cm', win=Window(...))
9.6552 	EXP 	Created image_11 = ImageStim(__class__=<class 'psychopy.visual.image.ImageStim'>, anchor=('center', 'center'), autoLog=True, color=array([1., 1., 1.]), colorSpace='rgb', contrast=1.0, depth=0.0, draggable=False, flipHoriz=False, flipVert=False, image='gaborVert.png', interpolate=True, mask=None, maskParams=None, name='image_11', opacity=1, ori=0.0, pos=array([0., 0.]), size=array([2., 2.]), texRes=128.0, units='cm', win=Window(...))
9.6584 	EXP 	Created image_12 = ImageStim(__class__=<class 'psychopy.visual.image.ImageStim'>, anchor=('center', 'center'), autoLog=True, color=array([1., 1., 1.]), colorSpace='rgb', contrast=1.0, depth=-1.0, draggable=False, flipHoriz=False, flipVert=False, image='gaborVert.png', interpolate=True, mask=None, maskParams=None, name='image_12', opacity=1, ori=0.0, pos=array([0., 0.]), size=array([2., 2.]), texRes=128.0, units='cm', win=Window(...))
9.6616 	EXP 	Created polygon_7 = ShapeStim(__class__=<class 'psychopy.visual.shape.ShapeStim'>, anchor=('center', 'center'), autoDraw=False, autoLog=True, closeShape=True, color=method-wrapper(...), colorSpace='rgb', contrast=None, depth=-2.0, draggable=False, fillColor=array([-1.    ,  1.    , -0.0039]), fillColorSpace='rgb', fillRGB=array([-1.    ,  1.    , -0.0039]), interpolate=True, lineColor=array([-1.    ,  1.    , -0.0039]), lineColorSpace='rgb', lineRGB=array([-1.    ,  1.    , -0.0039]), lineWidth=1.0, name='polygon_7', opacity=1, ori=0.0, pos=array([0., 0.]), size=array([0.005, 0.005]), units='height', vertices=ndarray(...), win=Window(...), windingRule=None)
9.6652 	EXP 	Created polygon_5 = ShapeStim(__class__=<class 'psychopy.visual.shape.ShapeStim'>, anchor=('center', 'center'), autoDraw=False, autoLog=True, closeShape=True, color=method-wrapper(...), colorSpace='rgb', contrast=None, depth=0.0, draggable=False, fillColor=array([ 1, -1, -1]), fillColorSpace='rgb', fillRGB=array([ 1, -1, -1]), interpolate=True, lineColor=array([ 1., -1., -1.]), lineColorSpace='rgb', lineRGB=array([ 1, -1, -1]), lineWidth=1.0, name='polygon_5', opacity=1, ori=0.0, pos=array([0., 0.]), size=array([0.005, 0.005]), units='height', vertices=ndarray(...), win=Window(...), windingRule=None)
0.0305 	DEBUG 	Read csv file with pandas: Estimulos.csv
0.0315 	DEBUG 	Clearing unnamed columns from Estimulos.csv
0.0317 	EXP 	Imported Estimulos.csv as conditions, 2 conditions, 1 params
0.0320 	EXP 	New trial (rep=0, index=0): <Trial 0 (0 in rep 0) data={'LoopName': 'Estimulo_9', 'thisN': 0, 'thisTrialN': 0, 'thisRepN': 0}>
0.0390 	DEBUG 	Read excel file with openpyxl: Incrementos.xlsx
0.0428 	EXP 	Imported Incrementos.xlsx as conditions, 34 conditions, 8 params
0.0516 	DEBUG 	Read excel file with openpyxl: incremento_loop2.xlsx
0.0553 	EXP 	Imported incremento_loop2.xlsx as conditions, 34 conditions, 8 params
0.0629 	DEBUG 	Read excel file with openpyxl: incremento_loop3.xlsx
0.0665 	EXP 	Imported incremento_loop3.xlsx as conditions, 34 conditions, 8 params
0.0735 	DEBUG 	Read excel file with openpyxl: Incrementos_loop_4.xlsx
0.0770 	EXP 	Imported Incrementos_loop_4.xlsx as conditions, 34 conditions, 8 params
0.0838 	DEBUG 	Read excel file with openpyxl: Incrementos.xlsx
0.0874 	EXP 	Imported Incrementos.xlsx as conditions, 34 conditions, 8 params
0.0943 	DEBUG 	Read excel file with openpyxl: incremento_loop2.xlsx
0.0979 	EXP 	Imported incremento_loop2.xlsx as conditions, 34 conditions, 8 params
0.1049 	DEBUG 	Read excel file with openpyxl: incremento_loop3.xlsx
0.1084 	EXP 	Imported incremento_loop3.xlsx as conditions, 34 conditions, 8 params
0.1158 	DEBUG 	Read excel file with openpyxl: Incrementos_loop_4.xlsx
0.1193 	EXP 	Imported Incrementos_loop_4.xlsx as conditions, 34 conditions, 8 params
0.1261 	DEBUG 	Read excel file with openpyxl: Incrementos.xlsx
0.1296 	EXP 	Imported Incrementos.xlsx as conditions, 34 conditions, 8 params
0.1300 	EXP 	New trial (rep=0, index=0): <Trial 0 (0 in rep 0) data={'px1': 3.19999999999999, 'px2': -3.19999999999999, 'px3': 3.19999999999999, 'px4': -3.19999999999999, 'py1': 2.2, 'py2': -2.2, 'py3': -2.2, 'py4': 2.2, 'thisN': 0, 'thisTrialN': 0, 'thisRepN': 0}>
0.1483 	EXP 	image_9: autoDraw = True
0.1483 	EXP 	polygon_6: autoDraw = True
0.1483 	EXP 	image_10: autoDraw = True
0.3480 	EXP 	image_9: autoDraw = False
0.3480 	EXP 	polygon_6: autoDraw = False
0.3480 	EXP 	image_10: autoDraw = False
0.3480 	EXP 	image_11: autoDraw = True
0.3480 	EXP 	image_12: autoDraw = True
0.3480 	EXP 	polygon_7: autoDraw = True
0.6335 	EXP 	New trial (rep=0, index=1): <Trial 1 (1 in rep 0) data={'px1': 1.29999999999999, 'px2': -1.29999999999998, 'px3': 1.29999999999999, 'px4': -1.29999999999998, 'py1': 2.2, 'py2': -2.2, 'py3': -2.2, 'py4': 2.2, 'thisN': 1, 'thisTrialN': 1, 'thisRepN': 0}>
0.6480 	EXP 	image_11: autoDraw = False
0.6480 	EXP 	image_12: autoDraw = False
0.6480 	EXP 	polygon_7: autoDraw = False
0.6480 	EXP 	image_9: autoDraw = True
0.6480 	EXP 	polygon_6: autoDraw = True
0.6480 	EXP 	image_10: autoDraw = True
0.9481 	EXP 	image_9: autoDraw = False
0.9481 	EXP 	polygon_6: autoDraw = False
0.9481 	EXP 	image_10: autoDraw = False
0.9481 	EXP 	image_11: autoDraw = True
0.9481 	EXP 	image_12: autoDraw = True
0.9481 	EXP 	polygon_7: autoDraw = True
1.2335 	EXP 	New trial (rep=0, index=2): <Trial 2 (2 in rep 0) data={'px1': 3.7, 'px2': -3.7, 'px3': 3.7, 'px4': -3.7, 'py1': 2.2, 'py2': -2.2, 'py3': -2.2, 'py4': 2.2, 'thisN': 2, 'thisTrialN': 2, 'thisRepN': 0}>
1.2480 	EXP 	image_11: autoDraw = False
1.2480 	EXP 	image_12: autoDraw = False
1.2480 	EXP 	polygon_7: autoDraw = False
1.2480 	EXP 	image_9: autoDraw = True
1.2480 	EXP 	polygon_6: autoDraw = True
1.2480 	EXP 	image_10: autoDraw = True
1.5480 	EXP 	image_9: autoDraw = False
1.5480 	EXP 	polygon_6: autoDraw = False
1.5480 	EXP 	image_10: autoDraw = False
1.5480 	EXP 	image_11: autoDraw = True
1.5480 	EXP 	image_12: autoDraw = True
1.5480 	EXP 	polygon_7: autoDraw = True
1.8337 	EXP 	New trial (rep=0, index=3): <Trial 3 (3 in rep 0) data={'px1': 3.29999999999999, 'px2': -3.29999999999999, 'px3': 3.29999999999999, 'px4': -3.29999999999999, 'py1': 2.2, 'py2': -2.2, 'py3': -2.2, 'py4': 2.2, 'thisN': 3, 'thisTrialN': 3, 'thisRepN': 0}>
1.8479 	EXP 	image_11: autoDraw = False
1.8479 	EXP 	image_12: autoDraw = False
1.8479 	EXP 	polygon_7: autoDraw = False
1.8479 	EXP 	image_9: autoDraw = True
1.8479 	EXP 	polygon_6: autoDraw = True
1.8479 	EXP 	image_10: autoDraw = True
2.1479 	EXP 	image_9: autoDraw = False
2.1479 	EXP 	polygon_6: autoDraw = False
2.1479 	EXP 	image_10: autoDraw = False
2.1479 	EXP 	image_11: autoDraw = True
2.1479 	EXP 	image_12: autoDraw = True
2.1479 	EXP 	polygon_7: autoDraw = True
2.4337 	EXP 	New trial (rep=0, index=4): <Trial 4 (4 in rep 0) data={'px1': 1.19999999999999, 'px2': -1.19999999999998, 'px3': 1.19999999999999, 'px4': -1.19999999999998, 'py1': 2.2, 'py2': -2.2, 'py3': -2.2, 'py4': 2.2, 'thisN': 4, 'thisTrialN': 4, 'thisRepN': 0}>
2.4480 	EXP 	image_11: autoDraw = False
2.4480 	EXP 	image_12: autoDraw = False
2.4480 	EXP 	polygon_7: autoDraw = False
2.4480 	EXP 	image_9: autoDraw = True
2.4480 	EXP 	polygon_6: autoDraw = True
2.4480 	EXP 	image_10: autoDraw = True
2.7480 	EXP 	image_9: autoDraw = False
2.7480 	EXP 	polygon_6: autoDraw = False
2.7480 	EXP 	image_10: autoDraw = False
2.7480 	EXP 	image_11: autoDraw = True
2.7480 	EXP 	image_12: autoDraw = True
2.7480 	EXP 	polygon_7: autoDraw = True
3.0338 	EXP 	New trial (rep=0, index=5): <Trial 5 (5 in rep 0) data={'px1': 1.49999999999999, 'px2': -1.49999999999998, 'px3': 1.49999999999999, 'px4': -1.49999999999998, 'py1': 2.2, 'py2': -2.2, 'py3': -2.2, 'py4': 2.2, 'thisN': 5, 'thisTrialN': 5, 'thisRepN': 0}>
3.0480 	EXP 	image_11: autoDraw = False
3.0480 	EXP 	image_12: autoDraw = False
3.0480 	EXP 	polygon_7: autoDraw = False
3.0480 	EXP 	image_9: autoDraw = True
3.0480 	EXP 	polygon_6: autoDraw = True
3.0480 	EXP 	image_10: autoDraw = True
3.3480 	EXP 	image_9: autoDraw = False
3.3480 	EXP 	polygon_6: autoDraw = False
3.3480 	EXP 	image_10: autoDraw = False
3.3480 	EXP 	image_11: autoDraw = True
3.3480 	EXP 	image_12: autoDraw = True
3.3480 	EXP 	polygon_7: autoDraw = True
3.6371 	EXP 	New trial (rep=0, index=6): <Trial 6 (6 in rep 0) data={'px1': 4.2, 'px2': -4.2, 'px3': 4.2, 'px4': -4.2, 'py1': 2.2, 'py2': -2.2, 'py3': -2.2, 'py4': 2.2, 'thisN': 6, 'thisTrialN': 6, 'thisRepN': 0}>
3.6490 	EXP 	image_11: autoDraw = False
3.6490 	EXP 	image_12: autoDraw = False
3.6490 	EXP 	polygon_7: autoDraw = False
3.6490 	EXP 	image_9: autoDraw = True
3.6490 	EXP 	polygon_6: autoDraw = True
3.6490 	EXP 	image_10: autoDraw = True
3.9491 	EXP 	image_9: autoDraw = False
3.9491 	EXP 	polygon_6: autoDraw = False
3.9491 	EXP 	image_10: autoDraw = False
3.9491 	EXP 	image_11: autoDraw = True
3.9491 	EXP 	image_12: autoDraw = True
3.9491 	EXP 	polygon_7: autoDraw = True
4.2336 	EXP 	New trial (rep=0, index=7): <Trial 7 (7 in rep 0) data={'px1': 2.39999999999999, 'px2': -2.39999999999999, 'px3': 2.39999999999999, 'px4': -2.39999999999999, 'py1': 2.2, 'py2': -2.2, 'py3': -2.2, 'py4': 2.2, 'thisN': 7, 'thisTrialN': 7, 'thisRepN': 0}>
4.2480 	EXP 	image_11: autoDraw = False
4.2480 	EXP 	image_12: autoDraw = False
4.2480 	EXP 	polygon_7: autoDraw = False
4.2480 	EXP 	image_9: autoDraw = True
4.2480 	EXP 	polygon_6: autoDraw = True
4.2480 	EXP 	image_10: autoDraw = True
4.5478 	EXP 	image_9: autoDraw = False
4.5478 	EXP 	polygon_6: autoDraw = False
4.5478 	EXP 	image_10: autoDraw = False
4.5478 	EXP 	image_11: autoDraw = True
4.5478 	EXP 	image_12: autoDraw = True
4.5478 	EXP 	polygon_7: autoDraw = True
4.8335 	EXP 	New trial (rep=0, index=8): <Trial 8 (8 in rep 0) data={'px1': 4.4, 'px2': -4.4, 'px3': 4.4, 'px4': -4.4, 'py1': 2.2, 'py2': -2.2, 'py3': -2.2, 'py4': 2.2, 'thisN': 8, 'thisTrialN': 8, 'thisRepN': 0}>
4.8481 	EXP 	image_11: autoDraw = False
4.8481 	EXP 	image_12: autoDraw = False
4.8481 	EXP 	polygon_7: autoDraw = False
4.8481 	EXP 	image_9: autoDraw = True
4.8481 	EXP 	polygon_6: autoDraw = True
4.8481 	EXP 	image_10: autoDraw = True
5.1480 	EXP 	image_9: autoDraw = False
5.1480 	EXP 	polygon_6: autoDraw = False
5.1480 	EXP 	image_10: autoDraw = False
5.1480 	EXP 	image_11: autoDraw = True
5.1480 	EXP 	image_12: autoDraw = True
5.1480 	EXP 	polygon_7: autoDraw = True
5.4335 	EXP 	New trial (rep=0, index=9): <Trial 9 (9 in rep 0) data={'px1': 2.69999999999999, 'px2': -2.69999999999999, 'px3': 2.69999999999999, 'px4': -2.69999999999999, 'py1': 2.2, 'py2': -2.2, 'py3': -2.2, 'py4': 2.2, 'thisN': 9, 'thisTrialN': 9, 'thisRepN': 0}>
5.4480 	EXP 	image_11: autoDraw = False
5.4480 	EXP 	image_12: autoDraw = False
5.4480 	EXP 	polygon_7: autoDraw = False
5.4480 	EXP 	image_9: autoDraw = True
5.4480 	EXP 	polygon_6: autoDraw = True
5.4480 	EXP 	image_10: autoDraw = True
5.7479 	EXP 	image_9: autoDraw = False
5.7479 	EXP 	polygon_6: autoDraw = False
5.7479 	EXP 	image_10: autoDraw = False
5.7479 	EXP 	image_11: autoDraw = True
5.7479 	EXP 	image_12: autoDraw = True
5.7479 	EXP 	polygon_7: autoDraw = True
6.0336 	EXP 	New trial (rep=0, index=10): <Trial 10 (10 in rep 0) data={'px1': 2.89999999999999, 'px2': -2.89999999999999, 'px3': 2.89999999999999, 'px4': -2.89999999999999, 'py1': 2.2, 'py2': -2.2, 'py3': -2.2, 'py4': 2.2, 'thisN': 10, 'thisTrialN': 10, 'thisRepN': 0}>
6.0477 	EXP 	image_11: autoDraw = False
6.0477 	EXP 	image_12: autoDraw = False
6.0477 	EXP 	polygon_7: autoDraw = False
6.0477 	EXP 	image_9: autoDraw = True
6.0477 	EXP 	polygon_6: autoDraw = True
6.0477 	EXP 	image_10: autoDraw = True
6.3480 	EXP 	image_9: autoDraw = False
6.3480 	EXP 	polygon_6: autoDraw = False
6.3480 	EXP 	image_10: autoDraw = False
6.3480 	EXP 	image_11: autoDraw = True
6.3480 	EXP 	image_12: autoDraw = True
6.3480 	EXP 	polygon_7: autoDraw = True
6.6336 	EXP 	New trial (rep=0, index=11): <Trial 11 (11 in rep 0) data={'px1': 3.6, 'px2': -3.6, 'px3': 3.6, 'px4': -3.6, 'py1': 2.2, 'py2': -2.2, 'py3': -2.2, 'py4': 2.2, 'thisN': 11, 'thisTrialN': 11, 'thisRepN': 0}>
6.6480 	EXP 	image_11: autoDraw = False
6.6480 	EXP 	image_12: autoDraw = False
6.6480 	EXP 	polygon_7: autoDraw = False
6.6480 	EXP 	image_9: autoDraw = True
6.6480 	EXP 	polygon_6: autoDraw = True
6.6480 	EXP 	image_10: autoDraw = True
6.9481 	EXP 	image_9: autoDraw = False
6.9481 	EXP 	polygon_6: autoDraw = False
6.9481 	EXP 	image_10: autoDraw = False
6.9481 	EXP 	image_11: autoDraw = True
6.9481 	EXP 	image_12: autoDraw = True
6.9481 	EXP 	polygon_7: autoDraw = True
7.2336 	EXP 	New trial (rep=0, index=12): <Trial 12 (12 in rep 0) data={'px1': 2.29999999999999, 'px2': -2.29999999999999, 'px3': 2.29999999999999, 'px4': -2.29999999999999, 'py1': 2.2, 'py2': -2.2, 'py3': -2.2, 'py4': 2.2, 'thisN': 12, 'thisTrialN': 12, 'thisRepN': 0}>
7.2478 	EXP 	image_11: autoDraw = False
7.2478 	EXP 	image_12: autoDraw = False
7.2478 	EXP 	polygon_7: autoDraw = False
7.2478 	EXP 	image_9: autoDraw = True
7.2478 	EXP 	polygon_6: autoDraw = True
7.2478 	EXP 	image_10: autoDraw = True
7.5480 	EXP 	image_9: autoDraw = False
7.5480 	EXP 	polygon_6: autoDraw = False
7.5480 	EXP 	image_10: autoDraw = False
7.5480 	EXP 	image_11: autoDraw = True
7.5480 	EXP 	image_12: autoDraw = True
7.5480 	EXP 	polygon_7: autoDraw = True
7.8335 	EXP 	New trial (rep=0, index=13): <Trial 13 (13 in rep 0) data={'px1': 3.8, 'px2': -3.8, 'px3': 3.8, 'px4': -3.8, 'py1': 2.2, 'py2': -2.2, 'py3': -2.2, 'py4': 2.2, 'thisN': 13, 'thisTrialN': 13, 'thisRepN': 0}>
7.8480 	EXP 	image_11: autoDraw = False
7.8480 	EXP 	image_12: autoDraw = False
7.8480 	EXP 	polygon_7: autoDraw = False
7.8480 	EXP 	image_9: autoDraw = True
7.8480 	EXP 	polygon_6: autoDraw = True
7.8480 	EXP 	image_10: autoDraw = True
8.1480 	EXP 	image_9: autoDraw = False
8.1480 	EXP 	polygon_6: autoDraw = False
8.1480 	EXP 	image_10: autoDraw = False
8.1480 	EXP 	image_11: autoDraw = True
8.1480 	EXP 	image_12: autoDraw = True
8.1480 	EXP 	polygon_7: autoDraw = True
8.4336 	EXP 	New trial (rep=0, index=14): <Trial 14 (14 in rep 0) data={'px1': 1.89999999999999, 'px2': -1.89999999999999, 'px3': 1.89999999999999, 'px4': -1.89999999999999, 'py1': 2.2, 'py2': -2.2, 'py3': -2.2, 'py4': 2.2, 'thisN': 14, 'thisTrialN': 14, 'thisRepN': 0}>
8.4478 	EXP 	image_11: autoDraw = False
8.4478 	EXP 	image_12: autoDraw = False
8.4478 	EXP 	polygon_7: autoDraw = False
8.4478 	EXP 	image_9: autoDraw = True
8.4478 	EXP 	polygon_6: autoDraw = True
8.4478 	EXP 	image_10: autoDraw = True
8.7480 	EXP 	image_9: autoDraw = False
8.7480 	EXP 	polygon_6: autoDraw = False
8.7480 	EXP 	image_10: autoDraw = False
8.7480 	EXP 	image_11: autoDraw = True
8.7480 	EXP 	image_12: autoDraw = True
8.7480 	EXP 	polygon_7: autoDraw = True
9.0335 	EXP 	New trial (rep=0, index=15): <Trial 15 (15 in rep 0) data={'px1': 2.19999999999999, 'px2': -2.19999999999999, 'px3': 2.19999999999999, 'px4': -2.19999999999999, 'py1': 2.2, 'py2': -2.2, 'py3': -2.2, 'py4': 2.2, 'thisN': 15, 'thisTrialN': 15, 'thisRepN': 0}>
9.0478 	EXP 	image_11: autoDraw = False
9.0478 	EXP 	image_12: autoDraw = False
9.0478 	EXP 	polygon_7: autoDraw = False
9.0478 	EXP 	image_9: autoDraw = True
9.0478 	EXP 	polygon_6: autoDraw = True
9.0478 	EXP 	image_10: autoDraw = True
9.3480 	EXP 	image_9: autoDraw = False
9.3480 	EXP 	polygon_6: autoDraw = False
9.3480 	EXP 	image_10: autoDraw = False
9.3480 	EXP 	image_11: autoDraw = True
9.3480 	EXP 	image_12: autoDraw = True
9.3480 	EXP 	polygon_7: autoDraw = True
9.6341 	EXP 	New trial (rep=0, index=16): <Trial 16 (16 in rep 0) data={'px1': 3.9, 'px2': -3.9, 'px3': 3.9, 'px4': -3.9, 'py1': 2.2, 'py2': -2.2, 'py3': -2.2, 'py4': 2.2, 'thisN': 16, 'thisTrialN': 16, 'thisRepN': 0}>
9.6483 	EXP 	image_11: autoDraw = False
9.6483 	EXP 	image_12: autoDraw = False
9.6483 	EXP 	polygon_7: autoDraw = False
9.6483 	EXP 	image_9: autoDraw = True
9.6483 	EXP 	polygon_6: autoDraw = True
9.6483 	EXP 	image_10: autoDraw = True
9.9478 	EXP 	image_9: autoDraw = False
9.9478 	EXP 	polygon_6: autoDraw = False
9.9478 	EXP 	image_10: autoDraw = False
9.9478 	EXP 	image_11: autoDraw = True
9.9478 	EXP 	image_12: autoDraw = True
9.9478 	EXP 	polygon_7: autoDraw = True
10.2338 	EXP 	New trial (rep=0, index=17): <Trial 17 (17 in rep 0) data={'px1': 4, 'px2': -4, 'px3': 4, 'px4': -4, 'py1': 2.2, 'py2': -2.2, 'py3': -2.2, 'py4': 2.2, 'thisN': 17, 'thisTrialN': 17, 'thisRepN': 0}>
10.2480 	EXP 	image_11: autoDraw = False
10.2480 	EXP 	image_12: autoDraw = False
10.2480 	EXP 	polygon_7: autoDraw = False
10.2480 	EXP 	image_9: autoDraw = True
10.2480 	EXP 	polygon_6: autoDraw = True
10.2480 	EXP 	image_10: autoDraw = True
10.5477 	EXP 	image_9: autoDraw = False
10.5477 	EXP 	polygon_6: autoDraw = False
10.5477 	EXP 	image_10: autoDraw = False
10.5477 	EXP 	image_11: autoDraw = True
10.5477 	EXP 	image_12: autoDraw = True
10.5477 	EXP 	polygon_7: autoDraw = True
10.7374 	DATA 	Keypress: escape
10.8172 	EXP 	Estimulo_ICE: status = STOPPED
10.8319 	EXP 	image_11: autoDraw = False
10.8319 	EXP 	image_12: autoDraw = False
10.8319 	EXP 	polygon_7: autoDraw = False
10.8345 	EXP 	Estimulo_ICE: status = STOPPED
10.8428 	INFO 	saved data to 'C:\\Users\\ICe\\Desktop\\Júlio\\segundo_estimulo\\Estimulo_psychopy_Builder-main\\Estimulo_psychopy_Builder-main\\data/009854_Estimulo_ICE_2025-03-17_15h16.57.780.csv'
10.8448 	INFO 	saved data to C:\Users\ICe\Desktop\Júlio\segundo_estimulo\Estimulo_psychopy_Builder-main\Estimulo_psychopy_Builder-main\data/009854_Estimulo_ICE_2025-03-17_15h16.57.780.psydat
11.2584 	DEBUG 	Saving data for Estimulo_ICE ExperimentHandler
