5.6697 	DEBUG 	Fullscreen settings ignored as running in pilot mode.
5.6707 	INFO 	Loaded monitor calibration from ['2025_03_11 15:24']
6.3452 	EXP 	Created window1 = Window(allowGUI=False, allowStencil=False, autoLog=True, backendConf=UNKNOWN, backgroundFit=<method-wrapper '__getattribute__' of attributeSetter object at 0x000001FA1FC25540>, backgroundImage=<method-wrapper '__getattribute__' of attributeSetter object at 0x000001FA1FC25480>, bitsMode=UNKNOWN, blendMode='avg', bpc=(8, 8, 8), color=array([0, 0, 0]), colorSpace='rgb', depthBits=8, fullscr=False, gamma=None, gammaErrorPolicy='raise', infoMsg=UNKNOWN, lms=UNKNOWN, monitor=<psychopy.monitors.calibTools.Monitor object at 0x000001FA17F59930>, multiSample=False, name='window1', numSamples=2, pos=[560.0, 240.0], screen=0, size=array([800, 600]), stencilBits=0, stereo=False, title='PsychoPy', units='height', useFBO=True, useRetina=False, viewOri=0.0, viewPos=None, viewScale=None, waitBlanking=True, winType='pyglet')
6.3452 	EXP 	window1: backgroundImage = ''
6.3452 	EXP 	window1: backgroundFit = 'none'
6.3529 	DEBUG 	TextBox2 loaded 1 chars with 0 blanks and 1 valid
6.3537 	DEBUG 	TextBox2 loaded 1 chars with 0 blanks and 1 valid
6.3545 	DEBUG 	TextBox2 loaded 1 chars with 0 blanks and 1 valid
6.3555 	DEBUG 	TextBox2 loaded 1 chars with 0 blanks and 1 valid
6.3565 	DEBUG 	TextBox2 loaded 1 chars with 0 blanks and 1 valid
6.3570 	DEBUG 	TextBox2 loaded 1 chars with 0 blanks and 1 valid
6.3577 	DEBUG 	TextBox2 loaded 1 chars with 0 blanks and 1 valid
6.3588 	DEBUG 	TextBox2 loaded 1 chars with 0 blanks and 1 valid
6.3591 	DEBUG 	TextBox2 loaded 1 chars with 0 blanks and 1 valid
6.3595 	DEBUG 	TextBox2 loaded 1 chars with 0 blanks and 1 valid
6.3603 	DEBUG 	TextBox2 loaded 1 chars with 0 blanks and 1 valid
6.3610 	DEBUG 	TextBox2 loaded 1 chars with 0 blanks and 1 valid
6.3617 	DEBUG 	TextBox2 loaded 1 chars with 0 blanks and 1 valid
6.3626 	DEBUG 	TextBox2 loaded 1 chars with 0 blanks and 1 valid
6.3633 	DEBUG 	TextBox2 loaded 1 chars with 0 blanks and 1 valid
6.3644 	DEBUG 	TextBox2 loaded 1 chars with 0 blanks and 1 valid
6.3652 	DEBUG 	TextBox2 loaded 1 chars with 0 blanks and 1 valid
6.3657 	DEBUG 	TextBox2 loaded 1 chars with 0 blanks and 1 valid
6.3662 	DEBUG 	TextBox2 loaded 1 chars with 0 blanks and 1 valid
6.3672 	DEBUG 	TextBox2 loaded 1 chars with 0 blanks and 1 valid
6.3677 	DEBUG 	TextBox2 loaded 1 chars with 0 blanks and 1 valid
6.3680 	DEBUG 	Uploading Texture Font fontname to graphics card
6.3706 	DEBUG 	Upload of Texture Font fontname complete
6.3768 	DEBUG 	TextBox2 loaded 1 chars with 0 blanks and 1 valid
6.3779 	DEBUG 	TextBox2 loaded 1 chars with 0 blanks and 1 valid
6.3789 	DEBUG 	TextBox2 loaded 1 chars with 0 blanks and 1 valid
6.3792 	DEBUG 	Uploading Texture Font fontname to graphics card
6.3804 	DEBUG 	Upload of Texture Font fontname complete
6.3826 	EXP 	window1: Attempting to measure frame rate of screen (0) ...
6.3826 	EXP 	window1: recordFrameIntervals = False
6.5492 	EXP 	window1: recordFrameIntervals = True
6.7318 	EXP 	Screen (0) actual frame rate measured at 60.33Hz
6.7318 	EXP 	window1: recordFrameIntervals = False
6.7405 	DEBUG 	TextBox2 loaded 1 chars with 0 blanks and 1 valid
6.7413 	DEBUG 	TextBox2 loaded 1 chars with 0 blanks and 1 valid
6.7426 	DEBUG 	TextBox2 loaded 1 chars with 0 blanks and 1 valid
6.7444 	DEBUG 	TextBox2 loaded 1 chars with 0 blanks and 1 valid
6.7455 	DEBUG 	TextBox2 loaded 1 chars with 0 blanks and 1 valid
6.7467 	DEBUG 	TextBox2 loaded 1 chars with 0 blanks and 1 valid
6.7474 	DEBUG 	TextBox2 loaded 1 chars with 0 blanks and 1 valid
6.7484 	DEBUG 	TextBox2 loaded 1 chars with 0 blanks and 1 valid
6.7496 	DEBUG 	TextBox2 loaded 1 chars with 0 blanks and 1 valid
6.7506 	DEBUG 	TextBox2 loaded 1 chars with 0 blanks and 1 valid
6.7509 	DEBUG 	Uploading Texture Font fontname to graphics card
6.7513 	DEBUG 	Upload of Texture Font fontname complete
6.7626 	WARNING 	launchHubServer: If using the iohub mouse or eyetracker devices, fullScr should be True.
9.3635 	INFO 	keyboard.Keyboard is using iohub backend.
9.3635 	EXP 	Estimulo_ICE: status = STARTED
9.3692 	EXP 	Created image = ImageStim(__class__=<class 'psychopy.visual.image.ImageStim'>, anchor=('center', 'center'), autoLog=True, color=array([1., 1., 1.]), colorSpace='rgb', contrast=1.0, depth=0.0, draggable=False, flipHoriz=False, flipVert=False, image='gaborVert.png', interpolate=True, mask=None, maskParams=None, name='image', opacity=1, ori=0.0, pos=array([0., 0.]), size=array([2., 2.]), texRes=128.0, units='cm', win=Window(...))
9.3725 	EXP 	Created image_2 = ImageStim(__class__=<class 'psychopy.visual.image.ImageStim'>, anchor=('center', 'center'), autoLog=True, color=array([1., 1., 1.]), colorSpace='rgb', contrast=1.0, depth=-1.0, draggable=False, flipHoriz=False, flipVert=False, image='gaborVert.png', interpolate=True, mask=None, maskParams=None, name='image_2', opacity=1, ori=0.0, pos=array([0., 0.]), size=array([2., 2.]), texRes=128.0, units='cm', win=Window(...))
9.3760 	EXP 	Created polygon = ShapeStim(__class__=<class 'psychopy.visual.shape.ShapeStim'>, anchor=('center', 'center'), autoDraw=False, autoLog=True, closeShape=True, color=method-wrapper(...), colorSpace='rgb', contrast=None, depth=-2.0, draggable=False, fillColor=array([-1.    ,  1.    , -0.0039]), fillColorSpace='rgb', fillRGB=array([-1.    ,  1.    , -0.0039]), interpolate=True, lineColor=array([-1.    ,  1.    , -0.0039]), lineColorSpace='rgb', lineRGB=array([-1.    ,  1.    , -0.0039]), lineWidth=1.0, name='polygon', opacity=1, ori=0.0, pos=array([0., 0.]), size=array([0.005, 0.005]), units='height', vertices=ndarray(...), win=Window(...), windingRule=None)
9.3794 	EXP 	Created image_3 = ImageStim(__class__=<class 'psychopy.visual.image.ImageStim'>, anchor=('center', 'center'), autoLog=True, color=array([1., 1., 1.]), colorSpace='rgb', contrast=1.0, depth=0.0, draggable=False, flipHoriz=False, flipVert=False, image='gaborVert.png', interpolate=True, mask=None, maskParams=None, name='image_3', opacity=1, ori=0.0, pos=array([0., 0.]), size=array([2., 2.]), texRes=128.0, units='cm', win=Window(...))
9.3831 	EXP 	Created image_4 = ImageStim(__class__=<class 'psychopy.visual.image.ImageStim'>, anchor=('center', 'center'), autoLog=True, color=array([1., 1., 1.]), colorSpace='rgb', contrast=1.0, depth=-1.0, draggable=False, flipHoriz=False, flipVert=False, image='gaborVert.png', interpolate=True, mask=None, maskParams=None, name='image_4', opacity=1, ori=0.0, pos=array([0., 0.]), size=array([2., 2.]), texRes=128.0, units='cm', win=Window(...))
9.3857 	EXP 	Created polygon_2 = ShapeStim(__class__=<class 'psychopy.visual.shape.ShapeStim'>, anchor=('center', 'center'), autoDraw=False, autoLog=True, closeShape=True, color=method-wrapper(...), colorSpace='rgb', contrast=None, depth=-2.0, draggable=False, fillColor=array([-1.    ,  1.    , -0.0039]), fillColorSpace='rgb', fillRGB=array([-1.    ,  1.    , -0.0039]), interpolate=True, lineColor=array([-1.    ,  1.    , -0.0039]), lineColorSpace='rgb', lineRGB=array([-1.    ,  1.    , -0.0039]), lineWidth=1.0, name='polygon_2', opacity=1, ori=0.0, pos=array([0., 0.]), size=array([0.005, 0.005]), units='height', vertices=ndarray(...), win=Window(...), windingRule=None)
9.3889 	EXP 	Created image = ImageStim(__class__=<class 'psychopy.visual.image.ImageStim'>, anchor=('center', 'center'), autoLog=True, color=array([1., 1., 1.]), colorSpace='rgb', contrast=1.0, depth=0.0, draggable=False, flipHoriz=False, flipVert=False, image='gaborVert.png', interpolate=True, mask=None, maskParams=None, name='image', opacity=1, ori=0.0, pos=array([0., 0.]), size=array([2., 2.]), texRes=128.0, units='cm', win=Window(...))
9.3922 	EXP 	Created image_2 = ImageStim(__class__=<class 'psychopy.visual.image.ImageStim'>, anchor=('center', 'center'), autoLog=True, color=array([1., 1., 1.]), colorSpace='rgb', contrast=1.0, depth=-1.0, draggable=False, flipHoriz=False, flipVert=False, image='gaborVert.png', interpolate=True, mask=None, maskParams=None, name='image_2', opacity=1, ori=0.0, pos=array([0., 0.]), size=array([2., 2.]), texRes=128.0, units='cm', win=Window(...))
9.3956 	EXP 	Created polygon = ShapeStim(__class__=<class 'psychopy.visual.shape.ShapeStim'>, anchor=('center', 'center'), autoDraw=False, autoLog=True, closeShape=True, color=method-wrapper(...), colorSpace='rgb', contrast=None, depth=-2.0, draggable=False, fillColor=array([-1.    ,  1.    , -0.0039]), fillColorSpace='rgb', fillRGB=array([-1.    ,  1.    , -0.0039]), interpolate=True, lineColor=array([-1.    ,  1.    , -0.0039]), lineColorSpace='rgb', lineRGB=array([-1.    ,  1.    , -0.0039]), lineWidth=1.0, name='polygon', opacity=1, ori=0.0, pos=array([0., 0.]), size=array([0.005, 0.005]), units='height', vertices=ndarray(...), win=Window(...), windingRule=None)
9.3991 	EXP 	Created image_3 = ImageStim(__class__=<class 'psychopy.visual.image.ImageStim'>, anchor=('center', 'center'), autoLog=True, color=array([1., 1., 1.]), colorSpace='rgb', contrast=1.0, depth=0.0, draggable=False, flipHoriz=False, flipVert=False, image='gaborVert.png', interpolate=True, mask=None, maskParams=None, name='image_3', opacity=1, ori=0.0, pos=array([0., 0.]), size=array([2., 2.]), texRes=128.0, units='cm', win=Window(...))
9.4024 	EXP 	Created image_4 = ImageStim(__class__=<class 'psychopy.visual.image.ImageStim'>, anchor=('center', 'center'), autoLog=True, color=array([1., 1., 1.]), colorSpace='rgb', contrast=1.0, depth=-1.0, draggable=False, flipHoriz=False, flipVert=False, image='gaborVert.png', interpolate=True, mask=None, maskParams=None, name='image_4', opacity=1, ori=0.0, pos=array([0., 0.]), size=array([2., 2.]), texRes=128.0, units='cm', win=Window(...))
9.4050 	EXP 	Created polygon_2 = ShapeStim(__class__=<class 'psychopy.visual.shape.ShapeStim'>, anchor=('center', 'center'), autoDraw=False, autoLog=True, closeShape=True, color=method-wrapper(...), colorSpace='rgb', contrast=None, depth=-2.0, draggable=False, fillColor=array([-1.    ,  1.    , -0.0039]), fillColorSpace='rgb', fillRGB=array([-1.    ,  1.    , -0.0039]), interpolate=True, lineColor=array([-1.    ,  1.    , -0.0039]), lineColorSpace='rgb', lineRGB=array([-1.    ,  1.    , -0.0039]), lineWidth=1.0, name='polygon_2', opacity=1, ori=0.0, pos=array([0., 0.]), size=array([0.005, 0.005]), units='height', vertices=ndarray(...), win=Window(...), windingRule=None)
9.4099 	EXP 	Created image = ImageStim(__class__=<class 'psychopy.visual.image.ImageStim'>, anchor=('center', 'center'), autoLog=True, color=array([1., 1., 1.]), colorSpace='rgb', contrast=1.0, depth=0.0, draggable=False, flipHoriz=False, flipVert=False, image='gaborVert.png', interpolate=True, mask=None, maskParams=None, name='image', opacity=1, ori=0.0, pos=array([0., 0.]), size=array([2., 2.]), texRes=128.0, units='cm', win=Window(...))
9.4138 	EXP 	Created image_2 = ImageStim(__class__=<class 'psychopy.visual.image.ImageStim'>, anchor=('center', 'center'), autoLog=True, color=array([1., 1., 1.]), colorSpace='rgb', contrast=1.0, depth=-1.0, draggable=False, flipHoriz=False, flipVert=False, image='gaborVert.png', interpolate=True, mask=None, maskParams=None, name='image_2', opacity=1, ori=0.0, pos=array([0., 0.]), size=array([2., 2.]), texRes=128.0, units='cm', win=Window(...))
9.4172 	EXP 	Created polygon = ShapeStim(__class__=<class 'psychopy.visual.shape.ShapeStim'>, anchor=('center', 'center'), autoDraw=False, autoLog=True, closeShape=True, color=method-wrapper(...), colorSpace='rgb', contrast=None, depth=-2.0, draggable=False, fillColor=array([-1.    ,  1.    , -0.0039]), fillColorSpace='rgb', fillRGB=array([-1.    ,  1.    , -0.0039]), interpolate=True, lineColor=array([-1.    ,  1.    , -0.0039]), lineColorSpace='rgb', lineRGB=array([-1.    ,  1.    , -0.0039]), lineWidth=1.0, name='polygon', opacity=1, ori=0.0, pos=array([0., 0.]), size=array([0.005, 0.005]), units='height', vertices=ndarray(...), win=Window(...), windingRule=None)
9.4211 	EXP 	Created image_3 = ImageStim(__class__=<class 'psychopy.visual.image.ImageStim'>, anchor=('center', 'center'), autoLog=True, color=array([1., 1., 1.]), colorSpace='rgb', contrast=1.0, depth=0.0, draggable=False, flipHoriz=False, flipVert=False, image='gaborVert.png', interpolate=True, mask=None, maskParams=None, name='image_3', opacity=1, ori=0.0, pos=array([0., 0.]), size=array([2., 2.]), texRes=128.0, units='cm', win=Window(...))
9.4246 	EXP 	Created image_4 = ImageStim(__class__=<class 'psychopy.visual.image.ImageStim'>, anchor=('center', 'center'), autoLog=True, color=array([1., 1., 1.]), colorSpace='rgb', contrast=1.0, depth=-1.0, draggable=False, flipHoriz=False, flipVert=False, image='gaborVert.png', interpolate=True, mask=None, maskParams=None, name='image_4', opacity=1, ori=0.0, pos=array([0., 0.]), size=array([2., 2.]), texRes=128.0, units='cm', win=Window(...))
9.4271 	EXP 	Created polygon_2 = ShapeStim(__class__=<class 'psychopy.visual.shape.ShapeStim'>, anchor=('center', 'center'), autoDraw=False, autoLog=True, closeShape=True, color=method-wrapper(...), colorSpace='rgb', contrast=None, depth=-2.0, draggable=False, fillColor=array([-1.    ,  1.    , -0.0039]), fillColorSpace='rgb', fillRGB=array([-1.    ,  1.    , -0.0039]), interpolate=True, lineColor=array([-1.    ,  1.    , -0.0039]), lineColorSpace='rgb', lineRGB=array([-1.    ,  1.    , -0.0039]), lineWidth=1.0, name='polygon_2', opacity=1, ori=0.0, pos=array([0., 0.]), size=array([0.005, 0.005]), units='height', vertices=ndarray(...), win=Window(...), windingRule=None)
9.4304 	EXP 	Created image = ImageStim(__class__=<class 'psychopy.visual.image.ImageStim'>, anchor=('center', 'center'), autoLog=True, color=array([1., 1., 1.]), colorSpace='rgb', contrast=1.0, depth=0.0, draggable=False, flipHoriz=False, flipVert=False, image='gaborVert.png', interpolate=True, mask=None, maskParams=None, name='image', opacity=1, ori=0.0, pos=array([0., 0.]), size=array([2., 2.]), texRes=128.0, units='cm', win=Window(...))
9.4336 	EXP 	Created image_2 = ImageStim(__class__=<class 'psychopy.visual.image.ImageStim'>, anchor=('center', 'center'), autoLog=True, color=array([1., 1., 1.]), colorSpace='rgb', contrast=1.0, depth=-1.0, draggable=False, flipHoriz=False, flipVert=False, image='gaborVert.png', interpolate=True, mask=None, maskParams=None, name='image_2', opacity=1, ori=0.0, pos=array([0., 0.]), size=array([2., 2.]), texRes=128.0, units='cm', win=Window(...))
9.4364 	EXP 	Created polygon = ShapeStim(__class__=<class 'psychopy.visual.shape.ShapeStim'>, anchor=('center', 'center'), autoDraw=False, autoLog=True, closeShape=True, color=method-wrapper(...), colorSpace='rgb', contrast=None, depth=-2.0, draggable=False, fillColor=array([-1.    ,  1.    , -0.0039]), fillColorSpace='rgb', fillRGB=array([-1.    ,  1.    , -0.0039]), interpolate=True, lineColor=array([-1.    ,  1.    , -0.0039]), lineColorSpace='rgb', lineRGB=array([-1.    ,  1.    , -0.0039]), lineWidth=1.0, name='polygon', opacity=1, ori=0.0, pos=array([0., 0.]), size=array([0.005, 0.005]), units='height', vertices=ndarray(...), win=Window(...), windingRule=None)
9.4397 	EXP 	Created image_3 = ImageStim(__class__=<class 'psychopy.visual.image.ImageStim'>, anchor=('center', 'center'), autoLog=True, color=array([1., 1., 1.]), colorSpace='rgb', contrast=1.0, depth=0.0, draggable=False, flipHoriz=False, flipVert=False, image='gaborVert.png', interpolate=True, mask=None, maskParams=None, name='image_3', opacity=1, ori=0.0, pos=array([0., 0.]), size=array([2., 2.]), texRes=128.0, units='cm', win=Window(...))
9.4430 	EXP 	Created image_4 = ImageStim(__class__=<class 'psychopy.visual.image.ImageStim'>, anchor=('center', 'center'), autoLog=True, color=array([1., 1., 1.]), colorSpace='rgb', contrast=1.0, depth=-1.0, draggable=False, flipHoriz=False, flipVert=False, image='gaborVert.png', interpolate=True, mask=None, maskParams=None, name='image_4', opacity=1, ori=0.0, pos=array([0., 0.]), size=array([2., 2.]), texRes=128.0, units='cm', win=Window(...))
9.4455 	EXP 	Created polygon_2 = ShapeStim(__class__=<class 'psychopy.visual.shape.ShapeStim'>, anchor=('center', 'center'), autoDraw=False, autoLog=True, closeShape=True, color=method-wrapper(...), colorSpace='rgb', contrast=None, depth=-2.0, draggable=False, fillColor=array([-1.    ,  1.    , -0.0039]), fillColorSpace='rgb', fillRGB=array([-1.    ,  1.    , -0.0039]), interpolate=True, lineColor=array([-1.    ,  1.    , -0.0039]), lineColorSpace='rgb', lineRGB=array([-1.    ,  1.    , -0.0039]), lineWidth=1.0, name='polygon_2', opacity=1, ori=0.0, pos=array([0., 0.]), size=array([0.005, 0.005]), units='height', vertices=ndarray(...), win=Window(...), windingRule=None)
9.4487 	EXP 	Created image_5 = ImageStim(__class__=<class 'psychopy.visual.image.ImageStim'>, anchor=('center', 'center'), autoLog=True, color=array([1., 1., 1.]), colorSpace='rgb', contrast=1.0, depth=0.0, draggable=False, flipHoriz=False, flipVert=False, image='gaborHoriz.png', interpolate=True, mask=None, maskParams=None, name='image_5', opacity=1, ori=0.0, pos=array([0., 0.]), size=array([2., 2.]), texRes=128.0, units='cm', win=Window(...))
9.4519 	EXP 	Created image_6 = ImageStim(__class__=<class 'psychopy.visual.image.ImageStim'>, anchor=('center', 'center'), autoLog=True, color=array([1., 1., 1.]), colorSpace='rgb', contrast=1.0, depth=-1.0, draggable=False, flipHoriz=False, flipVert=True, image='gaborHoriz.png', interpolate=True, mask=None, maskParams=None, name='image_6', opacity=1, ori=0.0, pos=array([0., 0.]), size=array([2., 2.]), texRes=128.0, units='cm', win=Window(...))
9.4544 	EXP 	Created polygon_3 = ShapeStim(__class__=<class 'psychopy.visual.shape.ShapeStim'>, anchor=('center', 'center'), autoDraw=False, autoLog=True, closeShape=True, color=method-wrapper(...), colorSpace='rgb', contrast=None, depth=-2.0, draggable=False, fillColor=array([-1.    ,  1.    , -0.0039]), fillColorSpace='rgb', fillRGB=array([-1.    ,  1.    , -0.0039]), interpolate=True, lineColor=array([-1.    ,  1.    , -0.0039]), lineColorSpace='rgb', lineRGB=array([-1.    ,  1.    , -0.0039]), lineWidth=1.0, name='polygon_3', opacity=1, ori=0.0, pos=array([0., 0.]), size=array([0.005, 0.005]), units='height', vertices=ndarray(...), win=Window(...), windingRule=None)
9.4575 	EXP 	Created image_7 = ImageStim(__class__=<class 'psychopy.visual.image.ImageStim'>, anchor=('center', 'center'), autoLog=True, color=array([1., 1., 1.]), colorSpace='rgb', contrast=1.0, depth=0.0, draggable=False, flipHoriz=False, flipVert=False, image='gaborHoriz.png', interpolate=True, mask=None, maskParams=None, name='image_7', opacity=1, ori=0.0, pos=array([0., 0.]), size=array([2., 2.]), texRes=128.0, units='cm', win=Window(...))
9.4607 	EXP 	Created image_8 = ImageStim(__class__=<class 'psychopy.visual.image.ImageStim'>, anchor=('center', 'center'), autoLog=True, color=array([1., 1., 1.]), colorSpace='rgb', contrast=1.0, depth=-1.0, draggable=False, flipHoriz=False, flipVert=False, image='gaborHoriz.png', interpolate=True, mask=None, maskParams=None, name='image_8', opacity=1, ori=0.0, pos=array([0., 0.]), size=array([2., 2.]), texRes=128.0, units='cm', win=Window(...))
9.4631 	EXP 	Created polygon_4 = ShapeStim(__class__=<class 'psychopy.visual.shape.ShapeStim'>, anchor=('center', 'center'), autoDraw=False, autoLog=True, closeShape=True, color=method-wrapper(...), colorSpace='rgb', contrast=None, depth=-2.0, draggable=False, fillColor=array([-1.    ,  1.    , -0.0039]), fillColorSpace='rgb', fillRGB=array([-1.    ,  1.    , -0.0039]), interpolate=True, lineColor=array([-1.    ,  1.    , -0.0039]), lineColorSpace='rgb', lineRGB=array([-1.    ,  1.    , -0.0039]), lineWidth=1.0, name='polygon_4', opacity=1, ori=0.0, pos=array([0., 0.]), size=array([0.005, 0.005]), units='height', vertices=ndarray(...), win=Window(...), windingRule=None)
9.4662 	EXP 	Created image_5 = ImageStim(__class__=<class 'psychopy.visual.image.ImageStim'>, anchor=('center', 'center'), autoLog=True, color=array([1., 1., 1.]), colorSpace='rgb', contrast=1.0, depth=0.0, draggable=False, flipHoriz=False, flipVert=False, image='gaborHoriz.png', interpolate=True, mask=None, maskParams=None, name='image_5', opacity=1, ori=0.0, pos=array([0., 0.]), size=array([2., 2.]), texRes=128.0, units='cm', win=Window(...))
9.4694 	EXP 	Created image_6 = ImageStim(__class__=<class 'psychopy.visual.image.ImageStim'>, anchor=('center', 'center'), autoLog=True, color=array([1., 1., 1.]), colorSpace='rgb', contrast=1.0, depth=-1.0, draggable=False, flipHoriz=False, flipVert=True, image='gaborHoriz.png', interpolate=True, mask=None, maskParams=None, name='image_6', opacity=1, ori=0.0, pos=array([0., 0.]), size=array([2., 2.]), texRes=128.0, units='cm', win=Window(...))
9.4721 	EXP 	Created polygon_3 = ShapeStim(__class__=<class 'psychopy.visual.shape.ShapeStim'>, anchor=('center', 'center'), autoDraw=False, autoLog=True, closeShape=True, color=method-wrapper(...), colorSpace='rgb', contrast=None, depth=-2.0, draggable=False, fillColor=array([-1.    ,  1.    , -0.0039]), fillColorSpace='rgb', fillRGB=array([-1.    ,  1.    , -0.0039]), interpolate=True, lineColor=array([-1.    ,  1.    , -0.0039]), lineColorSpace='rgb', lineRGB=array([-1.    ,  1.    , -0.0039]), lineWidth=1.0, name='polygon_3', opacity=1, ori=0.0, pos=array([0., 0.]), size=array([0.005, 0.005]), units='height', vertices=ndarray(...), win=Window(...), windingRule=None)
9.4753 	EXP 	Created image_7 = ImageStim(__class__=<class 'psychopy.visual.image.ImageStim'>, anchor=('center', 'center'), autoLog=True, color=array([1., 1., 1.]), colorSpace='rgb', contrast=1.0, depth=0.0, draggable=False, flipHoriz=False, flipVert=False, image='gaborHoriz.png', interpolate=True, mask=None, maskParams=None, name='image_7', opacity=1, ori=0.0, pos=array([0., 0.]), size=array([2., 2.]), texRes=128.0, units='cm', win=Window(...))
9.4785 	EXP 	Created image_8 = ImageStim(__class__=<class 'psychopy.visual.image.ImageStim'>, anchor=('center', 'center'), autoLog=True, color=array([1., 1., 1.]), colorSpace='rgb', contrast=1.0, depth=-1.0, draggable=False, flipHoriz=False, flipVert=False, image='gaborHoriz.png', interpolate=True, mask=None, maskParams=None, name='image_8', opacity=1, ori=0.0, pos=array([0., 0.]), size=array([2., 2.]), texRes=128.0, units='cm', win=Window(...))
9.4810 	EXP 	Created polygon_4 = ShapeStim(__class__=<class 'psychopy.visual.shape.ShapeStim'>, anchor=('center', 'center'), autoDraw=False, autoLog=True, closeShape=True, color=method-wrapper(...), colorSpace='rgb', contrast=None, depth=-2.0, draggable=False, fillColor=array([-1.    ,  1.    , -0.0039]), fillColorSpace='rgb', fillRGB=array([-1.    ,  1.    , -0.0039]), interpolate=True, lineColor=array([-1.    ,  1.    , -0.0039]), lineColorSpace='rgb', lineRGB=array([-1.    ,  1.    , -0.0039]), lineWidth=1.0, name='polygon_4', opacity=1, ori=0.0, pos=array([0., 0.]), size=array([0.005, 0.005]), units='height', vertices=ndarray(...), win=Window(...), windingRule=None)
9.4843 	EXP 	Created image_5 = ImageStim(__class__=<class 'psychopy.visual.image.ImageStim'>, anchor=('center', 'center'), autoLog=True, color=array([1., 1., 1.]), colorSpace='rgb', contrast=1.0, depth=0.0, draggable=False, flipHoriz=False, flipVert=False, image='gaborHoriz.png', interpolate=True, mask=None, maskParams=None, name='image_5', opacity=1, ori=0.0, pos=array([0., 0.]), size=array([2., 2.]), texRes=128.0, units='cm', win=Window(...))
9.4875 	EXP 	Created image_6 = ImageStim(__class__=<class 'psychopy.visual.image.ImageStim'>, anchor=('center', 'center'), autoLog=True, color=array([1., 1., 1.]), colorSpace='rgb', contrast=1.0, depth=-1.0, draggable=False, flipHoriz=False, flipVert=True, image='gaborHoriz.png', interpolate=True, mask=None, maskParams=None, name='image_6', opacity=1, ori=0.0, pos=array([0., 0.]), size=array([2., 2.]), texRes=128.0, units='cm', win=Window(...))
9.4900 	EXP 	Created polygon_3 = ShapeStim(__class__=<class 'psychopy.visual.shape.ShapeStim'>, anchor=('center', 'center'), autoDraw=False, autoLog=True, closeShape=True, color=method-wrapper(...), colorSpace='rgb', contrast=None, depth=-2.0, draggable=False, fillColor=array([-1.    ,  1.    , -0.0039]), fillColorSpace='rgb', fillRGB=array([-1.    ,  1.    , -0.0039]), interpolate=True, lineColor=array([-1.    ,  1.    , -0.0039]), lineColorSpace='rgb', lineRGB=array([-1.    ,  1.    , -0.0039]), lineWidth=1.0, name='polygon_3', opacity=1, ori=0.0, pos=array([0., 0.]), size=array([0.005, 0.005]), units='height', vertices=ndarray(...), win=Window(...), windingRule=None)
9.4933 	EXP 	Created image_7 = ImageStim(__class__=<class 'psychopy.visual.image.ImageStim'>, anchor=('center', 'center'), autoLog=True, color=array([1., 1., 1.]), colorSpace='rgb', contrast=1.0, depth=0.0, draggable=False, flipHoriz=False, flipVert=False, image='gaborHoriz.png', interpolate=True, mask=None, maskParams=None, name='image_7', opacity=1, ori=0.0, pos=array([0., 0.]), size=array([2., 2.]), texRes=128.0, units='cm', win=Window(...))
9.4965 	EXP 	Created image_8 = ImageStim(__class__=<class 'psychopy.visual.image.ImageStim'>, anchor=('center', 'center'), autoLog=True, color=array([1., 1., 1.]), colorSpace='rgb', contrast=1.0, depth=-1.0, draggable=False, flipHoriz=False, flipVert=False, image='gaborHoriz.png', interpolate=True, mask=None, maskParams=None, name='image_8', opacity=1, ori=0.0, pos=array([0., 0.]), size=array([2., 2.]), texRes=128.0, units='cm', win=Window(...))
9.4989 	EXP 	Created polygon_4 = ShapeStim(__class__=<class 'psychopy.visual.shape.ShapeStim'>, anchor=('center', 'center'), autoDraw=False, autoLog=True, closeShape=True, color=method-wrapper(...), colorSpace='rgb', contrast=None, depth=-2.0, draggable=False, fillColor=array([-1.    ,  1.    , -0.0039]), fillColorSpace='rgb', fillRGB=array([-1.    ,  1.    , -0.0039]), interpolate=True, lineColor=array([-1.    ,  1.    , -0.0039]), lineColorSpace='rgb', lineRGB=array([-1.    ,  1.    , -0.0039]), lineWidth=1.0, name='polygon_4', opacity=1, ori=0.0, pos=array([0., 0.]), size=array([0.005, 0.005]), units='height', vertices=ndarray(...), win=Window(...), windingRule=None)
9.5032 	EXP 	Created image_5 = ImageStim(__class__=<class 'psychopy.visual.image.ImageStim'>, anchor=('center', 'center'), autoLog=True, color=array([1., 1., 1.]), colorSpace='rgb', contrast=1.0, depth=0.0, draggable=False, flipHoriz=False, flipVert=False, image='gaborHoriz.png', interpolate=True, mask=None, maskParams=None, name='image_5', opacity=1, ori=0.0, pos=array([0., 0.]), size=array([2., 2.]), texRes=128.0, units='cm', win=Window(...))
9.5065 	EXP 	Created image_6 = ImageStim(__class__=<class 'psychopy.visual.image.ImageStim'>, anchor=('center', 'center'), autoLog=True, color=array([1., 1., 1.]), colorSpace='rgb', contrast=1.0, depth=-1.0, draggable=False, flipHoriz=False, flipVert=True, image='gaborHoriz.png', interpolate=True, mask=None, maskParams=None, name='image_6', opacity=1, ori=0.0, pos=array([0., 0.]), size=array([2., 2.]), texRes=128.0, units='cm', win=Window(...))
9.5092 	EXP 	Created polygon_3 = ShapeStim(__class__=<class 'psychopy.visual.shape.ShapeStim'>, anchor=('center', 'center'), autoDraw=False, autoLog=True, closeShape=True, color=method-wrapper(...), colorSpace='rgb', contrast=None, depth=-2.0, draggable=False, fillColor=array([-1.    ,  1.    , -0.0039]), fillColorSpace='rgb', fillRGB=array([-1.    ,  1.    , -0.0039]), interpolate=True, lineColor=array([-1.    ,  1.    , -0.0039]), lineColorSpace='rgb', lineRGB=array([-1.    ,  1.    , -0.0039]), lineWidth=1.0, name='polygon_3', opacity=1, ori=0.0, pos=array([0., 0.]), size=array([0.005, 0.005]), units='height', vertices=ndarray(...), win=Window(...), windingRule=None)
9.5124 	EXP 	Created image_7 = ImageStim(__class__=<class 'psychopy.visual.image.ImageStim'>, anchor=('center', 'center'), autoLog=True, color=array([1., 1., 1.]), colorSpace='rgb', contrast=1.0, depth=0.0, draggable=False, flipHoriz=False, flipVert=False, image='gaborHoriz.png', interpolate=True, mask=None, maskParams=None, name='image_7', opacity=1, ori=0.0, pos=array([0., 0.]), size=array([2., 2.]), texRes=128.0, units='cm', win=Window(...))
9.5160 	EXP 	Created image_8 = ImageStim(__class__=<class 'psychopy.visual.image.ImageStim'>, anchor=('center', 'center'), autoLog=True, color=array([1., 1., 1.]), colorSpace='rgb', contrast=1.0, depth=-1.0, draggable=False, flipHoriz=False, flipVert=False, image='gaborHoriz.png', interpolate=True, mask=None, maskParams=None, name='image_8', opacity=1, ori=0.0, pos=array([0., 0.]), size=array([2., 2.]), texRes=128.0, units='cm', win=Window(...))
9.5185 	EXP 	Created polygon_4 = ShapeStim(__class__=<class 'psychopy.visual.shape.ShapeStim'>, anchor=('center', 'center'), autoDraw=False, autoLog=True, closeShape=True, color=method-wrapper(...), colorSpace='rgb', contrast=None, depth=-2.0, draggable=False, fillColor=array([-1.    ,  1.    , -0.0039]), fillColorSpace='rgb', fillRGB=array([-1.    ,  1.    , -0.0039]), interpolate=True, lineColor=array([-1.    ,  1.    , -0.0039]), lineColorSpace='rgb', lineRGB=array([-1.    ,  1.    , -0.0039]), lineWidth=1.0, name='polygon_4', opacity=1, ori=0.0, pos=array([0., 0.]), size=array([0.005, 0.005]), units='height', vertices=ndarray(...), win=Window(...), windingRule=None)
9.5228 	EXP 	Created image_9 = ImageStim(__class__=<class 'psychopy.visual.image.ImageStim'>, anchor=('center', 'center'), autoLog=True, color=array([1., 1., 1.]), colorSpace='rgb', contrast=1.0, depth=0.0, draggable=False, flipHoriz=False, flipVert=False, image='controle.jpeg', interpolate=True, mask=None, maskParams=None, name='image_9', opacity=1, ori=0.0, pos=array([0., 0.]), size=array([2., 2.]), texRes=128.0, units='cm', win=Window(...))
9.5253 	EXP 	Created polygon_6 = ShapeStim(__class__=<class 'psychopy.visual.shape.ShapeStim'>, anchor=('center', 'center'), autoDraw=False, autoLog=True, closeShape=True, color=method-wrapper(...), colorSpace='rgb', contrast=None, depth=-1.0, draggable=False, fillColor=array([-1.    ,  1.    , -0.0039]), fillColorSpace='rgb', fillRGB=array([-1.    ,  1.    , -0.0039]), interpolate=True, lineColor=array([-1.    ,  1.    , -0.0039]), lineColorSpace='rgb', lineRGB=array([-1.    ,  1.    , -0.0039]), lineWidth=1.0, name='polygon_6', opacity=1, ori=0.0, pos=array([0., 0.]), size=array([0.005, 0.005]), units='height', vertices=ndarray(...), win=Window(...), windingRule=None)
9.5292 	EXP 	Created image_10 = ImageStim(__class__=<class 'psychopy.visual.image.ImageStim'>, anchor=('center', 'center'), autoLog=True, color=array([1., 1., 1.]), colorSpace='rgb', contrast=1.0, depth=-2.0, draggable=False, flipHoriz=False, flipVert=True, image='controle.jpeg', interpolate=True, mask=None, maskParams=None, name='image_10', opacity=1, ori=0.0, pos=array([0., 0.]), size=array([2., 2.]), texRes=128.0, units='cm', win=Window(...))
9.5331 	EXP 	Created image_11 = ImageStim(__class__=<class 'psychopy.visual.image.ImageStim'>, anchor=('center', 'center'), autoLog=True, color=array([1., 1., 1.]), colorSpace='rgb', contrast=1.0, depth=0.0, draggable=False, flipHoriz=False, flipVert=False, image='controle.jpeg', interpolate=True, mask=None, maskParams=None, name='image_11', opacity=1, ori=0.0, pos=array([0., 0.]), size=array([2., 2.]), texRes=128.0, units='cm', win=Window(...))
9.5370 	EXP 	Created image_12 = ImageStim(__class__=<class 'psychopy.visual.image.ImageStim'>, anchor=('center', 'center'), autoLog=True, color=array([1., 1., 1.]), colorSpace='rgb', contrast=1.0, depth=-1.0, draggable=False, flipHoriz=False, flipVert=False, image='controle.jpeg', interpolate=True, mask=None, maskParams=None, name='image_12', opacity=1, ori=0.0, pos=array([0., 0.]), size=array([2., 2.]), texRes=128.0, units='cm', win=Window(...))
9.5395 	EXP 	Created polygon_7 = ShapeStim(__class__=<class 'psychopy.visual.shape.ShapeStim'>, anchor=('center', 'center'), autoDraw=False, autoLog=True, closeShape=True, color=method-wrapper(...), colorSpace='rgb', contrast=None, depth=-2.0, draggable=False, fillColor=array([-1.    ,  1.    , -0.0039]), fillColorSpace='rgb', fillRGB=array([-1.    ,  1.    , -0.0039]), interpolate=True, lineColor=array([-1.    ,  1.    , -0.0039]), lineColorSpace='rgb', lineRGB=array([-1.    ,  1.    , -0.0039]), lineWidth=1.0, name='polygon_7', opacity=1, ori=0.0, pos=array([0., 0.]), size=array([0.005, 0.005]), units='height', vertices=ndarray(...), win=Window(...), windingRule=None)
9.5423 	EXP 	Created polygon_5 = ShapeStim(__class__=<class 'psychopy.visual.shape.ShapeStim'>, anchor=('center', 'center'), autoDraw=False, autoLog=True, closeShape=True, color=method-wrapper(...), colorSpace='rgb', contrast=None, depth=0.0, draggable=False, fillColor=array([ 1, -1, -1]), fillColorSpace='rgb', fillRGB=array([ 1, -1, -1]), interpolate=True, lineColor=array([ 1., -1., -1.]), lineColorSpace='rgb', lineRGB=array([ 1, -1, -1]), lineWidth=1.0, name='polygon_5', opacity=1, ori=0.0, pos=array([0., 0.]), size=array([0.005, 0.005]), units='height', vertices=ndarray(...), win=Window(...), windingRule=None)
0.0223 	DEBUG 	Read csv file with pandas: Estimulos.csv
0.0232 	DEBUG 	Clearing unnamed columns from Estimulos.csv
0.0234 	EXP 	Imported Estimulos.csv as conditions, 2 conditions, 1 params
0.0237 	EXP 	New trial (rep=0, index=0): <Trial 0 (0 in rep 0) data={'LoopName': 'estimulo_9', 'thisN': 0, 'thisTrialN': 0, 'thisRepN': 0}>
0.0491 	DEBUG 	Saving data for Estimulo_ICE ExperimentHandler
0.0500 	INFO 	saved data to C:\Users\ICe\Desktop\Júlio\segundo_estimulo\Estimulo_psychopy_Builder-main\Estimulo_psychopy_Builder-main\data/661313_Estimulo_ICE_2025-03-17_14h57.02.758.psydat
0.0509 	INFO 	saved data to 'C:\\Users\\ICe\\Desktop\\Júlio\\segundo_estimulo\\Estimulo_psychopy_Builder-main\\Estimulo_psychopy_Builder-main\\data/661313_Estimulo_ICE_2025-03-17_14h57.02.758.csv'
