3.5678 	DEBUG 	Fullscreen settings ignored as running in pilot mode.
3.5684 	INFO 	Loaded monitor calibration from ['2025_01_21 12:22']
3.7553 	EXP 	Created window1 = Window(allowGUI=False, allowStencil=False, autoLog=True, backendConf=UNKNOWN, backgroundFit=<method-wrapper '__getattribute__' of attributeSetter object at 0x000001BCCE505F10>, backgroundImage=<method-wrapper '__getattribute__' of attributeSetter object at 0x000001BCCE505EB0>, bitsMode=UNKNOWN, blendMode='avg', bpc=(8, 8, 8), color=array([0, 0, 0]), colorSpace='rgb', depthBits=8, fullscr=False, gamma=None, gammaErrorPolicy='raise', infoMsg=UNKNOWN, lms=UNKNOWN, monitor=<psychopy.monitors.calibTools.Monitor object at 0x000001BCCE5E8430>, multiSample=False, name='window1', numSamples=2, pos=[560.0, 240.0], screen=0, size=array([800, 600]), stencilBits=0, stereo=False, title='PsychoPy', units='height', useFBO=True, useRetina=False, viewOri=0.0, viewPos=None, viewScale=None, waitBlanking=True, winType='pyglet')
3.7553 	EXP 	window1: backgroundImage = ''
3.7554 	EXP 	window1: backgroundFit = 'none'
3.7624 	DEBUG 	TextBox2 loaded 1 chars with 0 blanks and 1 valid
3.7636 	DEBUG 	TextBox2 loaded 1 chars with 0 blanks and 1 valid
3.7649 	DEBUG 	TextBox2 loaded 1 chars with 0 blanks and 1 valid
3.7663 	DEBUG 	TextBox2 loaded 1 chars with 0 blanks and 1 valid
3.7678 	DEBUG 	TextBox2 loaded 1 chars with 0 blanks and 1 valid
3.7688 	DEBUG 	TextBox2 loaded 1 chars with 0 blanks and 1 valid
3.7699 	DEBUG 	TextBox2 loaded 1 chars with 0 blanks and 1 valid
3.7713 	DEBUG 	TextBox2 loaded 1 chars with 0 blanks and 1 valid
3.7721 	DEBUG 	TextBox2 loaded 1 chars with 0 blanks and 1 valid
3.7730 	DEBUG 	TextBox2 loaded 1 chars with 0 blanks and 1 valid
3.7741 	DEBUG 	TextBox2 loaded 1 chars with 0 blanks and 1 valid
3.7753 	DEBUG 	TextBox2 loaded 1 chars with 0 blanks and 1 valid
3.7763 	DEBUG 	TextBox2 loaded 1 chars with 0 blanks and 1 valid
3.7775 	DEBUG 	TextBox2 loaded 1 chars with 0 blanks and 1 valid
3.7786 	DEBUG 	TextBox2 loaded 1 chars with 0 blanks and 1 valid
3.7797 	DEBUG 	TextBox2 loaded 1 chars with 0 blanks and 1 valid
3.7809 	DEBUG 	TextBox2 loaded 1 chars with 0 blanks and 1 valid
3.7818 	DEBUG 	TextBox2 loaded 1 chars with 0 blanks and 1 valid
3.7828 	DEBUG 	TextBox2 loaded 1 chars with 0 blanks and 1 valid
3.7841 	DEBUG 	TextBox2 loaded 1 chars with 0 blanks and 1 valid
3.7850 	DEBUG 	TextBox2 loaded 1 chars with 0 blanks and 1 valid
3.7854 	DEBUG 	Uploading Texture Font fontname to graphics card
3.7874 	DEBUG 	Upload of Texture Font fontname complete
3.7948 	DEBUG 	TextBox2 loaded 1 chars with 0 blanks and 1 valid
3.7963 	DEBUG 	TextBox2 loaded 1 chars with 0 blanks and 1 valid
3.7976 	DEBUG 	TextBox2 loaded 1 chars with 0 blanks and 1 valid
3.7978 	DEBUG 	Uploading Texture Font fontname to graphics card
3.7990 	DEBUG 	Upload of Texture Font fontname complete
3.8009 	EXP 	window1: Attempting to measure frame rate of screen (0) ...
3.8009 	EXP 	window1: recordFrameIntervals = False
3.8695 	EXP 	window1: recordFrameIntervals = True
3.9456 	EXP 	Screen (0) actual frame rate measured at 143.81Hz
3.9457 	EXP 	window1: recordFrameIntervals = False
3.9509 	DEBUG 	TextBox2 loaded 1 chars with 0 blanks and 1 valid
3.9519 	DEBUG 	TextBox2 loaded 1 chars with 0 blanks and 1 valid
3.9532 	DEBUG 	TextBox2 loaded 1 chars with 0 blanks and 1 valid
3.9548 	DEBUG 	TextBox2 loaded 1 chars with 0 blanks and 1 valid
3.9563 	DEBUG 	TextBox2 loaded 1 chars with 0 blanks and 1 valid
3.9579 	DEBUG 	TextBox2 loaded 1 chars with 0 blanks and 1 valid
3.9589 	DEBUG 	TextBox2 loaded 1 chars with 0 blanks and 1 valid
3.9603 	DEBUG 	TextBox2 loaded 1 chars with 0 blanks and 1 valid
3.9617 	DEBUG 	TextBox2 loaded 1 chars with 0 blanks and 1 valid
3.9630 	DEBUG 	TextBox2 loaded 1 chars with 0 blanks and 1 valid
3.9633 	DEBUG 	Uploading Texture Font fontname to graphics card
3.9638 	DEBUG 	Upload of Texture Font fontname complete
3.9731 	WARNING 	launchHubServer: If using the iohub mouse or eyetracker devices, fullScr should be True.
5.4451 	INFO 	keyboard.Keyboard is using iohub backend.
5.4452 	EXP 	Estimulo_ICE: status = STARTED
5.4501 	EXP 	Created image = ImageStim(__class__=<class 'psychopy.visual.image.ImageStim'>, anchor=('center', 'center'), autoLog=True, color=array([1., 1., 1.]), colorSpace='rgb', contrast=1.0, depth=0.0, draggable=False, flipHoriz=False, flipVert=False, image='gaborVert.png', interpolate=True, mask=None, maskParams=None, name='image', opacity=1, ori=0.0, pos=array([0., 0.]), size=array([2., 2.]), texRes=128.0, units='cm', win=Window(...))
5.4534 	EXP 	Created image_2 = ImageStim(__class__=<class 'psychopy.visual.image.ImageStim'>, anchor=('center', 'center'), autoLog=True, color=array([1., 1., 1.]), colorSpace='rgb', contrast=1.0, depth=-1.0, draggable=False, flipHoriz=False, flipVert=False, image='gaborVert.png', interpolate=True, mask=None, maskParams=None, name='image_2', opacity=1, ori=0.0, pos=array([0., 0.]), size=array([2., 2.]), texRes=128.0, units='cm', win=Window(...))
5.4565 	EXP 	Created image_3 = ImageStim(__class__=<class 'psychopy.visual.image.ImageStim'>, anchor=('center', 'center'), autoLog=True, color=array([1., 1., 1.]), colorSpace='rgb', contrast=1.0, depth=0.0, draggable=False, flipHoriz=False, flipVert=False, image='gaborVert.png', interpolate=True, mask=None, maskParams=None, name='image_3', opacity=1, ori=0.0, pos=array([0., 0.]), size=array([2., 2.]), texRes=128.0, units='cm', win=Window(...))
5.4601 	EXP 	Created image_4 = ImageStim(__class__=<class 'psychopy.visual.image.ImageStim'>, anchor=('center', 'center'), autoLog=True, color=array([1., 1., 1.]), colorSpace='rgb', contrast=1.0, depth=-1.0, draggable=False, flipHoriz=False, flipVert=False, image='gaborVert.png', interpolate=True, mask=None, maskParams=None, name='image_4', opacity=1, ori=0.0, pos=array([0., 0.]), size=array([2., 2.]), texRes=128.0, units='cm', win=Window(...))
5.4634 	EXP 	Created image = ImageStim(__class__=<class 'psychopy.visual.image.ImageStim'>, anchor=('center', 'center'), autoLog=True, color=array([1., 1., 1.]), colorSpace='rgb', contrast=1.0, depth=0.0, draggable=False, flipHoriz=False, flipVert=False, image='gaborVert.png', interpolate=True, mask=None, maskParams=None, name='image', opacity=1, ori=0.0, pos=array([0., 0.]), size=array([2., 2.]), texRes=128.0, units='cm', win=Window(...))
5.4666 	EXP 	Created image_2 = ImageStim(__class__=<class 'psychopy.visual.image.ImageStim'>, anchor=('center', 'center'), autoLog=True, color=array([1., 1., 1.]), colorSpace='rgb', contrast=1.0, depth=-1.0, draggable=False, flipHoriz=False, flipVert=False, image='gaborVert.png', interpolate=True, mask=None, maskParams=None, name='image_2', opacity=1, ori=0.0, pos=array([0., 0.]), size=array([2., 2.]), texRes=128.0, units='cm', win=Window(...))
5.4709 	EXP 	Created image_3 = ImageStim(__class__=<class 'psychopy.visual.image.ImageStim'>, anchor=('center', 'center'), autoLog=True, color=array([1., 1., 1.]), colorSpace='rgb', contrast=1.0, depth=0.0, draggable=False, flipHoriz=False, flipVert=False, image='gaborVert.png', interpolate=True, mask=None, maskParams=None, name='image_3', opacity=1, ori=0.0, pos=array([0., 0.]), size=array([2., 2.]), texRes=128.0, units='cm', win=Window(...))
5.4744 	EXP 	Created image_4 = ImageStim(__class__=<class 'psychopy.visual.image.ImageStim'>, anchor=('center', 'center'), autoLog=True, color=array([1., 1., 1.]), colorSpace='rgb', contrast=1.0, depth=-1.0, draggable=False, flipHoriz=False, flipVert=False, image='gaborVert.png', interpolate=True, mask=None, maskParams=None, name='image_4', opacity=1, ori=0.0, pos=array([0., 0.]), size=array([2., 2.]), texRes=128.0, units='cm', win=Window(...))
5.4774 	EXP 	Created image = ImageStim(__class__=<class 'psychopy.visual.image.ImageStim'>, anchor=('center', 'center'), autoLog=True, color=array([1., 1., 1.]), colorSpace='rgb', contrast=1.0, depth=0.0, draggable=False, flipHoriz=False, flipVert=False, image='gaborVert.png', interpolate=True, mask=None, maskParams=None, name='image', opacity=1, ori=0.0, pos=array([0., 0.]), size=array([2., 2.]), texRes=128.0, units='cm', win=Window(...))
5.4805 	EXP 	Created image_2 = ImageStim(__class__=<class 'psychopy.visual.image.ImageStim'>, anchor=('center', 'center'), autoLog=True, color=array([1., 1., 1.]), colorSpace='rgb', contrast=1.0, depth=-1.0, draggable=False, flipHoriz=False, flipVert=False, image='gaborVert.png', interpolate=True, mask=None, maskParams=None, name='image_2', opacity=1, ori=0.0, pos=array([0., 0.]), size=array([2., 2.]), texRes=128.0, units='cm', win=Window(...))
5.4841 	EXP 	Created image_3 = ImageStim(__class__=<class 'psychopy.visual.image.ImageStim'>, anchor=('center', 'center'), autoLog=True, color=array([1., 1., 1.]), colorSpace='rgb', contrast=1.0, depth=0.0, draggable=False, flipHoriz=False, flipVert=False, image='gaborVert.png', interpolate=True, mask=None, maskParams=None, name='image_3', opacity=1, ori=0.0, pos=array([0., 0.]), size=array([2., 2.]), texRes=128.0, units='cm', win=Window(...))
5.4876 	EXP 	Created image_4 = ImageStim(__class__=<class 'psychopy.visual.image.ImageStim'>, anchor=('center', 'center'), autoLog=True, color=array([1., 1., 1.]), colorSpace='rgb', contrast=1.0, depth=-1.0, draggable=False, flipHoriz=False, flipVert=False, image='gaborVert.png', interpolate=True, mask=None, maskParams=None, name='image_4', opacity=1, ori=0.0, pos=array([0., 0.]), size=array([2., 2.]), texRes=128.0, units='cm', win=Window(...))
5.4912 	EXP 	Created image = ImageStim(__class__=<class 'psychopy.visual.image.ImageStim'>, anchor=('center', 'center'), autoLog=True, color=array([1., 1., 1.]), colorSpace='rgb', contrast=1.0, depth=0.0, draggable=False, flipHoriz=False, flipVert=False, image='gaborVert.png', interpolate=True, mask=None, maskParams=None, name='image', opacity=1, ori=0.0, pos=array([0., 0.]), size=array([2., 2.]), texRes=128.0, units='cm', win=Window(...))
5.4945 	EXP 	Created image_2 = ImageStim(__class__=<class 'psychopy.visual.image.ImageStim'>, anchor=('center', 'center'), autoLog=True, color=array([1., 1., 1.]), colorSpace='rgb', contrast=1.0, depth=-1.0, draggable=False, flipHoriz=False, flipVert=False, image='gaborVert.png', interpolate=True, mask=None, maskParams=None, name='image_2', opacity=1, ori=0.0, pos=array([0., 0.]), size=array([2., 2.]), texRes=128.0, units='cm', win=Window(...))
5.4987 	EXP 	Created image_3 = ImageStim(__class__=<class 'psychopy.visual.image.ImageStim'>, anchor=('center', 'center'), autoLog=True, color=array([1., 1., 1.]), colorSpace='rgb', contrast=1.0, depth=0.0, draggable=False, flipHoriz=False, flipVert=False, image='gaborVert.png', interpolate=True, mask=None, maskParams=None, name='image_3', opacity=1, ori=0.0, pos=array([0., 0.]), size=array([2., 2.]), texRes=128.0, units='cm', win=Window(...))
5.5021 	EXP 	Created image_4 = ImageStim(__class__=<class 'psychopy.visual.image.ImageStim'>, anchor=('center', 'center'), autoLog=True, color=array([1., 1., 1.]), colorSpace='rgb', contrast=1.0, depth=-1.0, draggable=False, flipHoriz=False, flipVert=False, image='gaborVert.png', interpolate=True, mask=None, maskParams=None, name='image_4', opacity=1, ori=0.0, pos=array([0., 0.]), size=array([2., 2.]), texRes=128.0, units='cm', win=Window(...))
5.5070 	EXP 	Created image_5 = ImageStim(__class__=<class 'psychopy.visual.image.ImageStim'>, anchor=('center', 'center'), autoLog=True, color=array([1., 1., 1.]), colorSpace='rgb', contrast=1.0, depth=0.0, draggable=False, flipHoriz=False, flipVert=False, image='gaborHoriz.png', interpolate=True, mask=None, maskParams=None, name='image_5', opacity=1, ori=0.0, pos=array([0., 0.]), size=array([2., 2.]), texRes=128.0, units='cm', win=Window(...))
5.5111 	EXP 	Created image_6 = ImageStim(__class__=<class 'psychopy.visual.image.ImageStim'>, anchor=('center', 'center'), autoLog=True, color=array([1., 1., 1.]), colorSpace='rgb', contrast=1.0, depth=-1.0, draggable=False, flipHoriz=False, flipVert=True, image='gaborHoriz.png', interpolate=True, mask=None, maskParams=None, name='image_6', opacity=1, ori=0.0, pos=array([0., 0.]), size=array([2., 2.]), texRes=128.0, units='cm', win=Window(...))
5.5144 	EXP 	Created image_7 = ImageStim(__class__=<class 'psychopy.visual.image.ImageStim'>, anchor=('center', 'center'), autoLog=True, color=array([1., 1., 1.]), colorSpace='rgb', contrast=1.0, depth=0.0, draggable=False, flipHoriz=False, flipVert=False, image='gaborHoriz.png', interpolate=True, mask=None, maskParams=None, name='image_7', opacity=1, ori=0.0, pos=array([0., 0.]), size=array([2., 2.]), texRes=128.0, units='cm', win=Window(...))
5.5176 	EXP 	Created image_8 = ImageStim(__class__=<class 'psychopy.visual.image.ImageStim'>, anchor=('center', 'center'), autoLog=True, color=array([1., 1., 1.]), colorSpace='rgb', contrast=1.0, depth=-1.0, draggable=False, flipHoriz=False, flipVert=False, image='gaborHoriz.png', interpolate=True, mask=None, maskParams=None, name='image_8', opacity=1, ori=0.0, pos=array([0., 0.]), size=array([2., 2.]), texRes=128.0, units='cm', win=Window(...))
5.5206 	EXP 	Created image_5 = ImageStim(__class__=<class 'psychopy.visual.image.ImageStim'>, anchor=('center', 'center'), autoLog=True, color=array([1., 1., 1.]), colorSpace='rgb', contrast=1.0, depth=0.0, draggable=False, flipHoriz=False, flipVert=False, image='gaborHoriz.png', interpolate=True, mask=None, maskParams=None, name='image_5', opacity=1, ori=0.0, pos=array([0., 0.]), size=array([2., 2.]), texRes=128.0, units='cm', win=Window(...))
5.5237 	EXP 	Created image_6 = ImageStim(__class__=<class 'psychopy.visual.image.ImageStim'>, anchor=('center', 'center'), autoLog=True, color=array([1., 1., 1.]), colorSpace='rgb', contrast=1.0, depth=-1.0, draggable=False, flipHoriz=False, flipVert=True, image='gaborHoriz.png', interpolate=True, mask=None, maskParams=None, name='image_6', opacity=1, ori=0.0, pos=array([0., 0.]), size=array([2., 2.]), texRes=128.0, units='cm', win=Window(...))
5.5268 	EXP 	Created image_7 = ImageStim(__class__=<class 'psychopy.visual.image.ImageStim'>, anchor=('center', 'center'), autoLog=True, color=array([1., 1., 1.]), colorSpace='rgb', contrast=1.0, depth=0.0, draggable=False, flipHoriz=False, flipVert=False, image='gaborHoriz.png', interpolate=True, mask=None, maskParams=None, name='image_7', opacity=1, ori=0.0, pos=array([0., 0.]), size=array([2., 2.]), texRes=128.0, units='cm', win=Window(...))
5.5300 	EXP 	Created image_8 = ImageStim(__class__=<class 'psychopy.visual.image.ImageStim'>, anchor=('center', 'center'), autoLog=True, color=array([1., 1., 1.]), colorSpace='rgb', contrast=1.0, depth=-1.0, draggable=False, flipHoriz=False, flipVert=False, image='gaborHoriz.png', interpolate=True, mask=None, maskParams=None, name='image_8', opacity=1, ori=0.0, pos=array([0., 0.]), size=array([2., 2.]), texRes=128.0, units='cm', win=Window(...))
5.5334 	EXP 	Created image_5 = ImageStim(__class__=<class 'psychopy.visual.image.ImageStim'>, anchor=('center', 'center'), autoLog=True, color=array([1., 1., 1.]), colorSpace='rgb', contrast=1.0, depth=0.0, draggable=False, flipHoriz=False, flipVert=False, image='gaborHoriz.png', interpolate=True, mask=None, maskParams=None, name='image_5', opacity=1, ori=0.0, pos=array([0., 0.]), size=array([2., 2.]), texRes=128.0, units='cm', win=Window(...))
5.5366 	EXP 	Created image_6 = ImageStim(__class__=<class 'psychopy.visual.image.ImageStim'>, anchor=('center', 'center'), autoLog=True, color=array([1., 1., 1.]), colorSpace='rgb', contrast=1.0, depth=-1.0, draggable=False, flipHoriz=False, flipVert=True, image='gaborHoriz.png', interpolate=True, mask=None, maskParams=None, name='image_6', opacity=1, ori=0.0, pos=array([0., 0.]), size=array([2., 2.]), texRes=128.0, units='cm', win=Window(...))
5.5398 	EXP 	Created image_7 = ImageStim(__class__=<class 'psychopy.visual.image.ImageStim'>, anchor=('center', 'center'), autoLog=True, color=array([1., 1., 1.]), colorSpace='rgb', contrast=1.0, depth=0.0, draggable=False, flipHoriz=False, flipVert=False, image='gaborHoriz.png', interpolate=True, mask=None, maskParams=None, name='image_7', opacity=1, ori=0.0, pos=array([0., 0.]), size=array([2., 2.]), texRes=128.0, units='cm', win=Window(...))
5.5428 	EXP 	Created image_8 = ImageStim(__class__=<class 'psychopy.visual.image.ImageStim'>, anchor=('center', 'center'), autoLog=True, color=array([1., 1., 1.]), colorSpace='rgb', contrast=1.0, depth=-1.0, draggable=False, flipHoriz=False, flipVert=False, image='gaborHoriz.png', interpolate=True, mask=None, maskParams=None, name='image_8', opacity=1, ori=0.0, pos=array([0., 0.]), size=array([2., 2.]), texRes=128.0, units='cm', win=Window(...))
5.5461 	EXP 	Created image_5 = ImageStim(__class__=<class 'psychopy.visual.image.ImageStim'>, anchor=('center', 'center'), autoLog=True, color=array([1., 1., 1.]), colorSpace='rgb', contrast=1.0, depth=0.0, draggable=False, flipHoriz=False, flipVert=False, image='gaborHoriz.png', interpolate=True, mask=None, maskParams=None, name='image_5', opacity=1, ori=0.0, pos=array([0., 0.]), size=array([2., 2.]), texRes=128.0, units='cm', win=Window(...))
5.5495 	EXP 	Created image_6 = ImageStim(__class__=<class 'psychopy.visual.image.ImageStim'>, anchor=('center', 'center'), autoLog=True, color=array([1., 1., 1.]), colorSpace='rgb', contrast=1.0, depth=-1.0, draggable=False, flipHoriz=False, flipVert=True, image='gaborHoriz.png', interpolate=True, mask=None, maskParams=None, name='image_6', opacity=1, ori=0.0, pos=array([0., 0.]), size=array([2., 2.]), texRes=128.0, units='cm', win=Window(...))
5.5525 	EXP 	Created image_7 = ImageStim(__class__=<class 'psychopy.visual.image.ImageStim'>, anchor=('center', 'center'), autoLog=True, color=array([1., 1., 1.]), colorSpace='rgb', contrast=1.0, depth=0.0, draggable=False, flipHoriz=False, flipVert=False, image='gaborHoriz.png', interpolate=True, mask=None, maskParams=None, name='image_7', opacity=1, ori=0.0, pos=array([0., 0.]), size=array([2., 2.]), texRes=128.0, units='cm', win=Window(...))
5.5556 	EXP 	Created image_8 = ImageStim(__class__=<class 'psychopy.visual.image.ImageStim'>, anchor=('center', 'center'), autoLog=True, color=array([1., 1., 1.]), colorSpace='rgb', contrast=1.0, depth=-1.0, draggable=False, flipHoriz=False, flipVert=False, image='gaborHoriz.png', interpolate=True, mask=None, maskParams=None, name='image_8', opacity=1, ori=0.0, pos=array([0., 0.]), size=array([2., 2.]), texRes=128.0, units='cm', win=Window(...))
0.0265 	DEBUG 	Read excel file with openpyxl: Incrementos.xlsx
0.0296 	EXP 	Imported Incrementos.xlsx as conditions, 34 conditions, 8 params
0.0301 	EXP 	New trial (rep=0, index=0): <Trial 0 (0 in rep 0) data={'px1': 4.4, 'px2': -4.4, 'px3': 4.4, 'px4': -4.4, 'py1': 2.2, 'py2': -2.2, 'py3': -2.2, 'py4': 2.2, 'thisN': 0, 'thisTrialN': 0, 'thisRepN': 0}>
0.0361 	EXP 	image: autoDraw = True
0.0361 	EXP 	image_2: autoDraw = True
0.3079 	EXP 	image: autoDraw = False
0.3079 	EXP 	image_2: autoDraw = False
0.3079 	EXP 	image_3: autoDraw = True
0.3079 	EXP 	image_4: autoDraw = True
0.5942 	EXP 	New trial (rep=0, index=1): <Trial 1 (1 in rep 0) data={'px1': 4.3, 'px2': -4.3, 'px3': 4.3, 'px4': -4.3, 'py1': 2.2, 'py2': -2.2, 'py3': -2.2, 'py4': 2.2, 'thisN': 1, 'thisTrialN': 1, 'thisRepN': 0}>
0.6005 	EXP 	image_3: autoDraw = False
0.6005 	EXP 	image_4: autoDraw = False
0.6005 	EXP 	image_3: autoDraw = False
0.6005 	EXP 	image_4: autoDraw = False
0.6005 	EXP 	image: autoDraw = True
0.6005 	EXP 	image_2: autoDraw = True
0.8998 	EXP 	image: autoDraw = False
0.8998 	EXP 	image_2: autoDraw = False
0.8998 	EXP 	image: autoDraw = False
0.8998 	EXP 	image_2: autoDraw = False
0.8998 	EXP 	image_3: autoDraw = True
0.8998 	EXP 	image_4: autoDraw = True
0.9949 	DATA 	Keypress: escape
1.0819 	EXP 	Estimulo_ICE: status = STOPPED
1.0858 	EXP 	image_3: autoDraw = False
1.0858 	EXP 	image_4: autoDraw = False
1.0876 	EXP 	Estimulo_ICE: status = STOPPED
1.0902 	INFO 	saved data to 'C:\\Users\\Julio\\Desktop\\Programacao\\stimulus\\data/970061_Estimulo_ICE_2025-03-13_00h53.54.255.csv'
1.0911 	INFO 	saved data to C:\Users\Julio\Desktop\Programacao\stimulus\data/970061_Estimulo_ICE_2025-03-13_00h53.54.255.psydat
1.3734 	DEBUG 	Saving data for Estimulo_ICE ExperimentHandler
